

Started GET "/" for 127.0.0.1 at 2014-10-19 15:48:16 -0500
Processing by WelcomeController#index as HTML
Completed 500 Internal Server Error in 44ms

ActionView::MissingTemplate (Missing template welcome/index, application/index with {:locale=>[:en], :formats=>[:html], :variants=>[], :handlers=>[:erb, :builder, :raw, :ruby, :jbuilder, :coffee]}. Searched in:
  * "/Users/ryanbahniuk/Desktop/coding-temp/railroad/app/views"
):
  actionview (4.1.0) lib/action_view/path_set.rb:46:in `find'
  actionview (4.1.0) lib/action_view/lookup_context.rb:124:in `find'
  actionview (4.1.0) lib/action_view/renderer/abstract_renderer.rb:18:in `find_template'
  actionview (4.1.0) lib/action_view/renderer/template_renderer.rb:41:in `determine_template'
  actionview (4.1.0) lib/action_view/renderer/template_renderer.rb:8:in `render'
  actionview (4.1.0) lib/action_view/renderer/renderer.rb:42:in `render_template'
  actionview (4.1.0) lib/action_view/renderer/renderer.rb:23:in `render'
  actionview (4.1.0) lib/action_view/rendering.rb:99:in `_render_template'
  actionpack (4.1.0) lib/action_controller/metal/streaming.rb:217:in `_render_template'
  actionview (4.1.0) lib/action_view/rendering.rb:82:in `render_to_body'
  actionpack (4.1.0) lib/action_controller/metal/rendering.rb:32:in `render_to_body'
  actionpack (4.1.0) lib/action_controller/metal/renderers.rb:32:in `render_to_body'
  actionpack (4.1.0) lib/abstract_controller/rendering.rb:25:in `render'
  actionpack (4.1.0) lib/action_controller/metal/rendering.rb:16:in `render'
  actionpack (4.1.0) lib/action_controller/metal/instrumentation.rb:41:in `block (2 levels) in render'
  activesupport (4.1.0) lib/active_support/core_ext/benchmark.rb:12:in `block in ms'
  /Users/ryanbahniuk/.rvm/rubies/ruby-2.0.0-p451/lib/ruby/2.0.0/benchmark.rb:296:in `realtime'
  activesupport (4.1.0) lib/active_support/core_ext/benchmark.rb:12:in `ms'
  actionpack (4.1.0) lib/action_controller/metal/instrumentation.rb:41:in `block in render'
  actionpack (4.1.0) lib/action_controller/metal/instrumentation.rb:84:in `cleanup_view_runtime'
  activerecord (4.1.0) lib/active_record/railties/controller_runtime.rb:25:in `cleanup_view_runtime'
  actionpack (4.1.0) lib/action_controller/metal/instrumentation.rb:40:in `render'
  actionpack (4.1.0) lib/action_controller/metal/implicit_render.rb:10:in `default_render'
  actionpack (4.1.0) lib/action_controller/metal/implicit_render.rb:5:in `send_action'
  actionpack (4.1.0) lib/abstract_controller/base.rb:189:in `process_action'
  actionpack (4.1.0) lib/action_controller/metal/rendering.rb:10:in `process_action'
  actionpack (4.1.0) lib/abstract_controller/callbacks.rb:20:in `block in process_action'
  activesupport (4.1.0) lib/active_support/callbacks.rb:113:in `call'
  activesupport (4.1.0) lib/active_support/callbacks.rb:113:in `call'
  activesupport (4.1.0) lib/active_support/callbacks.rb:229:in `block in halting'
  activesupport (4.1.0) lib/active_support/callbacks.rb:166:in `call'
  activesupport (4.1.0) lib/active_support/callbacks.rb:166:in `block in halting'
  activesupport (4.1.0) lib/active_support/callbacks.rb:86:in `call'
  activesupport (4.1.0) lib/active_support/callbacks.rb:86:in `run_callbacks'
  actionpack (4.1.0) lib/abstract_controller/callbacks.rb:19:in `process_action'
  actionpack (4.1.0) lib/action_controller/metal/rescue.rb:29:in `process_action'
  actionpack (4.1.0) lib/action_controller/metal/instrumentation.rb:31:in `block in process_action'
  activesupport (4.1.0) lib/active_support/notifications.rb:159:in `block in instrument'
  activesupport (4.1.0) lib/active_support/notifications/instrumenter.rb:20:in `instrument'
  activesupport (4.1.0) lib/active_support/notifications.rb:159:in `instrument'
  actionpack (4.1.0) lib/action_controller/metal/instrumentation.rb:30:in `process_action'
  actionpack (4.1.0) lib/action_controller/metal/params_wrapper.rb:250:in `process_action'
  activerecord (4.1.0) lib/active_record/railties/controller_runtime.rb:18:in `process_action'
  actionpack (4.1.0) lib/abstract_controller/base.rb:136:in `process'
  actionview (4.1.0) lib/action_view/rendering.rb:30:in `process'
  actionpack (4.1.0) lib/action_controller/metal.rb:195:in `dispatch'
  actionpack (4.1.0) lib/action_controller/metal/rack_delegation.rb:13:in `dispatch'
  actionpack (4.1.0) lib/action_controller/metal.rb:231:in `block in action'
  actionpack (4.1.0) lib/action_dispatch/routing/route_set.rb:80:in `call'
  actionpack (4.1.0) lib/action_dispatch/routing/route_set.rb:80:in `dispatch'
  actionpack (4.1.0) lib/action_dispatch/routing/route_set.rb:48:in `call'
  actionpack (4.1.0) lib/action_dispatch/journey/router.rb:71:in `block in call'
  actionpack (4.1.0) lib/action_dispatch/journey/router.rb:59:in `each'
  actionpack (4.1.0) lib/action_dispatch/journey/router.rb:59:in `call'
  actionpack (4.1.0) lib/action_dispatch/routing/route_set.rb:676:in `call'
  rack (1.5.2) lib/rack/etag.rb:23:in `call'
  rack (1.5.2) lib/rack/conditionalget.rb:25:in `call'
  rack (1.5.2) lib/rack/head.rb:11:in `call'
  actionpack (4.1.0) lib/action_dispatch/middleware/params_parser.rb:27:in `call'
  actionpack (4.1.0) lib/action_dispatch/middleware/flash.rb:254:in `call'
  rack (1.5.2) lib/rack/session/abstract/id.rb:225:in `context'
  rack (1.5.2) lib/rack/session/abstract/id.rb:220:in `call'
  actionpack (4.1.0) lib/action_dispatch/middleware/cookies.rb:560:in `call'
  activerecord (4.1.0) lib/active_record/query_cache.rb:36:in `call'
  activerecord (4.1.0) lib/active_record/connection_adapters/abstract/connection_pool.rb:621:in `call'
  activerecord (4.1.0) lib/active_record/migration.rb:380:in `call'
  actionpack (4.1.0) lib/action_dispatch/middleware/callbacks.rb:29:in `block in call'
  activesupport (4.1.0) lib/active_support/callbacks.rb:82:in `run_callbacks'
  actionpack (4.1.0) lib/action_dispatch/middleware/callbacks.rb:27:in `call'
  actionpack (4.1.0) lib/action_dispatch/middleware/reloader.rb:73:in `call'
  actionpack (4.1.0) lib/action_dispatch/middleware/remote_ip.rb:76:in `call'
  actionpack (4.1.0) lib/action_dispatch/middleware/debug_exceptions.rb:17:in `call'
  actionpack (4.1.0) lib/action_dispatch/middleware/show_exceptions.rb:30:in `call'
  railties (4.1.0) lib/rails/rack/logger.rb:38:in `call_app'
  railties (4.1.0) lib/rails/rack/logger.rb:20:in `block in call'
  activesupport (4.1.0) lib/active_support/tagged_logging.rb:68:in `block in tagged'
  activesupport (4.1.0) lib/active_support/tagged_logging.rb:26:in `tagged'
  activesupport (4.1.0) lib/active_support/tagged_logging.rb:68:in `tagged'
  railties (4.1.0) lib/rails/rack/logger.rb:20:in `call'
  actionpack (4.1.0) lib/action_dispatch/middleware/request_id.rb:21:in `call'
  rack (1.5.2) lib/rack/methodoverride.rb:21:in `call'
  rack (1.5.2) lib/rack/runtime.rb:17:in `call'
  activesupport (4.1.0) lib/active_support/cache/strategy/local_cache_middleware.rb:26:in `call'
  rack (1.5.2) lib/rack/lock.rb:17:in `call'
  actionpack (4.1.0) lib/action_dispatch/middleware/static.rb:64:in `call'
  rack (1.5.2) lib/rack/sendfile.rb:112:in `call'
  railties (4.1.0) lib/rails/engine.rb:514:in `call'
  railties (4.1.0) lib/rails/application.rb:144:in `call'
  rack (1.5.2) lib/rack/lock.rb:17:in `call'
  rack (1.5.2) lib/rack/content_length.rb:14:in `call'
  rack (1.5.2) lib/rack/handler/webrick.rb:60:in `service'
  /Users/ryanbahniuk/.rvm/rubies/ruby-2.0.0-p451/lib/ruby/2.0.0/webrick/httpserver.rb:138:in `service'
  /Users/ryanbahniuk/.rvm/rubies/ruby-2.0.0-p451/lib/ruby/2.0.0/webrick/httpserver.rb:94:in `run'
  /Users/ryanbahniuk/.rvm/rubies/ruby-2.0.0-p451/lib/ruby/2.0.0/webrick/server.rb:295:in `block in start_thread'


  Rendered /Users/ryanbahniuk/.rvm/gems/ruby-2.0.0-p451/gems/actionpack-4.1.0/lib/action_dispatch/middleware/templates/rescues/missing_template.html.erb within rescues/layout (3.2ms)


Started GET "/" for 127.0.0.1 at 2014-10-19 15:48:44 -0500
Processing by WelcomeController#index as HTML
  Rendered welcome/index.html.erb within layouts/application (0.6ms)
Completed 500 Internal Server Error in 48ms

ActionView::Template::Error (couldn't find file 'turbolinks'
  (in /Users/ryanbahniuk/Desktop/coding-temp/railroad/app/assets/javascripts/application.js:15)):
    3: <head>
    4:   <title>Railroad</title>
    5:   <%= stylesheet_link_tag    'application', media: 'all', 'data-turbolinks-track' => true %>
    6:   <%= javascript_include_tag 'application', 'data-turbolinks-track' => true %>
    7:   <%= csrf_meta_tags %>
    8: </head>
    9: <body>
  app/views/layouts/application.html.erb:6:in `_app_views_layouts_application_html_erb__1664809130181094908_2198659800'


  Rendered /Users/ryanbahniuk/.rvm/gems/ruby-2.0.0-p451/gems/actionpack-4.1.0/lib/action_dispatch/middleware/templates/rescues/_trace.html.erb (1.6ms)
  Rendered /Users/ryanbahniuk/.rvm/gems/ruby-2.0.0-p451/gems/actionpack-4.1.0/lib/action_dispatch/middleware/templates/rescues/_request_and_response.html.erb (60.2ms)
  Rendered /Users/ryanbahniuk/.rvm/gems/ruby-2.0.0-p451/gems/actionpack-4.1.0/lib/action_dispatch/middleware/templates/rescues/template_error.html.erb within rescues/layout (77.3ms)


Started GET "/" for 127.0.0.1 at 2014-10-19 15:49:28 -0500
Processing by WelcomeController#index as HTML
  Rendered welcome/index.html.erb within layouts/application (0.1ms)
Completed 500 Internal Server Error in 20ms

ActionView::Template::Error (couldn't find file 'turbolinks'
  (in /Users/ryanbahniuk/Desktop/coding-temp/railroad/app/assets/javascripts/application.js:15)):
    3: <head>
    4:   <title>Railroad</title>
    5:   <%= stylesheet_link_tag    'application', media: 'all'%>
    6:   <%= javascript_include_tag 'application'%>
    7:   <%= csrf_meta_tags %>
    8: </head>
    9: <body>
  app/views/layouts/application.html.erb:6:in `_app_views_layouts_application_html_erb__1664809130181094908_2158980560'


  Rendered /Users/ryanbahniuk/.rvm/gems/ruby-2.0.0-p451/gems/actionpack-4.1.0/lib/action_dispatch/middleware/templates/rescues/_trace.html.erb (1.5ms)
  Rendered /Users/ryanbahniuk/.rvm/gems/ruby-2.0.0-p451/gems/actionpack-4.1.0/lib/action_dispatch/middleware/templates/rescues/_request_and_response.html.erb (1.3ms)
  Rendered /Users/ryanbahniuk/.rvm/gems/ruby-2.0.0-p451/gems/actionpack-4.1.0/lib/action_dispatch/middleware/templates/rescues/template_error.html.erb within rescues/layout (13.5ms)


Started GET "/" for 127.0.0.1 at 2014-10-19 15:52:06 -0500
Processing by WelcomeController#index as HTML
  Rendered welcome/index.html.erb within layouts/application (0.1ms)
Completed 500 Internal Server Error in 19ms

ActionView::Template::Error (couldn't find file 'turbolinks'
  (in /Users/ryanbahniuk/Desktop/coding-temp/railroad/app/assets/javascripts/application.js:15)):
    3: <head>
    4:   <title>Railroad</title>
    5:   <%= stylesheet_link_tag    'application' %>
    6:   <%= javascript_include_tag 'application'%>
    7:   <%= csrf_meta_tags %>
    8: </head>
    9: <body>
  app/views/layouts/application.html.erb:6:in `_app_views_layouts_application_html_erb__1664809130181094908_2198927540'


  Rendered /Users/ryanbahniuk/.rvm/gems/ruby-2.0.0-p451/gems/actionpack-4.1.0/lib/action_dispatch/middleware/templates/rescues/_trace.html.erb (1.7ms)
  Rendered /Users/ryanbahniuk/.rvm/gems/ruby-2.0.0-p451/gems/actionpack-4.1.0/lib/action_dispatch/middleware/templates/rescues/_request_and_response.html.erb (1.3ms)
  Rendered /Users/ryanbahniuk/.rvm/gems/ruby-2.0.0-p451/gems/actionpack-4.1.0/lib/action_dispatch/middleware/templates/rescues/template_error.html.erb within rescues/layout (14.0ms)


Started GET "/" for 127.0.0.1 at 2014-10-19 15:52:32 -0500
Processing by WelcomeController#index as HTML
  Rendered welcome/index.html.erb within layouts/application (0.2ms)
Completed 200 OK in 190ms (Views: 189.2ms | ActiveRecord: 0.0ms)


Started GET "/assets/application.js?body=1" for 127.0.0.1 at 2014-10-19 15:52:33 -0500


Started GET "/assets/jquery.js?body=1" for 127.0.0.1 at 2014-10-19 15:52:33 -0500


Started GET "/assets/application.css?body=1" for 127.0.0.1 at 2014-10-19 15:52:33 -0500


Started GET "/assets/jquery_ujs.js?body=1" for 127.0.0.1 at 2014-10-19 15:52:33 -0500


Started GET "/" for 127.0.0.1 at 2014-10-19 16:17:32 -0500
Processing by WelcomeController#index as HTML
  Rendered welcome/index.html.erb within layouts/application (0.1ms)
Completed 500 Internal Server Error in 78ms

ActionView::Template::Error (Missing template layouts/_header with {:locale=>[:en], :formats=>[:html], :variants=>[], :handlers=>[:erb, :builder, :raw, :ruby, :jbuilder, :coffee]}. Searched in:
  * "/Users/ryanbahniuk/Desktop/coding-temp/railroad/app/views"
):
     7:   <%= csrf_meta_tags %>
     8: </head>
     9: <body>
    10: <%= render template: "layouts/_header" %>
    11: <%= yield %>
    12: 
    13: </body>
  app/views/layouts/application.html.erb:10:in `_app_views_layouts_application_html_erb__1664809130181094908_2169203240'


  Rendered /Users/ryanbahniuk/.rvm/gems/ruby-2.0.0-p451/gems/actionpack-4.1.0/lib/action_dispatch/middleware/templates/rescues/_trace.html.erb (1.9ms)
  Rendered /Users/ryanbahniuk/.rvm/gems/ruby-2.0.0-p451/gems/actionpack-4.1.0/lib/action_dispatch/middleware/templates/rescues/_request_and_response.html.erb (1.2ms)
  Rendered /Users/ryanbahniuk/.rvm/gems/ruby-2.0.0-p451/gems/actionpack-4.1.0/lib/action_dispatch/middleware/templates/rescues/template_error.html.erb within rescues/layout (15.9ms)


Started GET "/" for 127.0.0.1 at 2014-10-19 16:17:55 -0500
Processing by WelcomeController#index as HTML
  Rendered welcome/index.html.erb within layouts/application (0.1ms)
  Rendered layouts/_header.html.erb (10.0ms)
Completed 500 Internal Server Error in 97ms

ActionView::Template::Error (undefined method `digest' for User:Class):
    2: 	<nav>
    3: 		<ul>
    4: 			<li><%= link_to 'Home', root_url %></li>
    5: 			<% if logged_in? %>
    6: 			<a href="/users/<%= current_user.id %>"><li class="profile">Profile</li></a>
    7: 			<% end %>
    8: 		</ul>
  app/helpers/sessions_helper.rb:17:in `current_user'
  app/helpers/sessions_helper.rb:26:in `logged_in?'
  app/views/layouts/_header.html.erb:5:in `_app_views_layouts__header_html_erb__2015773020523589049_2158947400'
  app/views/layouts/application.html.erb:10:in `_app_views_layouts_application_html_erb__1664809130181094908_2169203240'


  Rendered /Users/ryanbahniuk/.rvm/gems/ruby-2.0.0-p451/gems/actionpack-4.1.0/lib/action_dispatch/middleware/templates/rescues/_trace.html.erb (1.4ms)
  Rendered /Users/ryanbahniuk/.rvm/gems/ruby-2.0.0-p451/gems/actionpack-4.1.0/lib/action_dispatch/middleware/templates/rescues/_request_and_response.html.erb (1.2ms)
  Rendered /Users/ryanbahniuk/.rvm/gems/ruby-2.0.0-p451/gems/actionpack-4.1.0/lib/action_dispatch/middleware/templates/rescues/template_error.html.erb within rescues/layout (13.3ms)


Started GET "/" for 127.0.0.1 at 2014-10-19 16:18:36 -0500
Processing by WelcomeController#index as HTML
  Rendered welcome/index.html.erb within layouts/application (0.1ms)
  Rendered layouts/_header.html.erb (7.7ms)
Completed 500 Internal Server Error in 32ms

ActionView::Template::Error (undefined method `digest' for User:Class):
    2: 	<nav>
    3: 		<ul>
    4: 			<li><%= link_to 'Home', root_url %></li>
    5: 			<% if logged_in? %>
    6: 			<a href="/users/<%= current_user.id %>"><li class="profile">Profile</li></a>
    7: 			<% end %>
    8: 		</ul>
  app/helpers/sessions_helper.rb:17:in `current_user'
  app/helpers/sessions_helper.rb:26:in `logged_in?'
  app/views/layouts/_header.html.erb:5:in `_app_views_layouts__header_html_erb__2015773020523589049_2158947400'
  app/views/layouts/application.html.erb:10:in `_app_views_layouts_application_html_erb__1664809130181094908_2169203240'


  Rendered /Users/ryanbahniuk/.rvm/gems/ruby-2.0.0-p451/gems/actionpack-4.1.0/lib/action_dispatch/middleware/templates/rescues/_trace.html.erb (1.8ms)
  Rendered /Users/ryanbahniuk/.rvm/gems/ruby-2.0.0-p451/gems/actionpack-4.1.0/lib/action_dispatch/middleware/templates/rescues/_request_and_response.html.erb (1.4ms)
  Rendered /Users/ryanbahniuk/.rvm/gems/ruby-2.0.0-p451/gems/actionpack-4.1.0/lib/action_dispatch/middleware/templates/rescues/template_error.html.erb within rescues/layout (14.7ms)


Started GET "/" for 127.0.0.1 at 2014-10-19 16:18:38 -0500
Processing by WelcomeController#index as HTML
  Rendered welcome/index.html.erb within layouts/application (0.1ms)
  Rendered layouts/_header.html.erb (1.4ms)
Completed 500 Internal Server Error in 29ms

ActionView::Template::Error (undefined method `digest' for User:Class):
    2: 	<nav>
    3: 		<ul>
    4: 			<li><%= link_to 'Home', root_url %></li>
    5: 			<% if logged_in? %>
    6: 			<a href="/users/<%= current_user.id %>"><li class="profile">Profile</li></a>
    7: 			<% end %>
    8: 		</ul>
  app/helpers/sessions_helper.rb:17:in `current_user'
  app/helpers/sessions_helper.rb:26:in `logged_in?'
  app/views/layouts/_header.html.erb:5:in `_app_views_layouts__header_html_erb__2015773020523589049_2158947400'
  app/views/layouts/application.html.erb:10:in `_app_views_layouts_application_html_erb__1664809130181094908_2169203240'


  Rendered /Users/ryanbahniuk/.rvm/gems/ruby-2.0.0-p451/gems/actionpack-4.1.0/lib/action_dispatch/middleware/templates/rescues/_trace.html.erb (1.5ms)
  Rendered /Users/ryanbahniuk/.rvm/gems/ruby-2.0.0-p451/gems/actionpack-4.1.0/lib/action_dispatch/middleware/templates/rescues/_request_and_response.html.erb (2.2ms)
  Rendered /Users/ryanbahniuk/.rvm/gems/ruby-2.0.0-p451/gems/actionpack-4.1.0/lib/action_dispatch/middleware/templates/rescues/template_error.html.erb within rescues/layout (15.5ms)


Started GET "/" for 127.0.0.1 at 2014-10-19 16:22:27 -0500
Processing by WelcomeController#index as HTML
  Rendered welcome/index.html.erb within layouts/application (0.1ms)
  Rendered layouts/_header.html.erb (0.4ms)
Completed 200 OK in 24ms (Views: 23.5ms | ActiveRecord: 0.0ms)


Started GET "/assets/application.css?body=1" for 127.0.0.1 at 2014-10-19 16:22:27 -0500


Started GET "/assets/jquery.js?body=1" for 127.0.0.1 at 2014-10-19 16:22:27 -0500


Started GET "/assets/jquery_ujs.js?body=1" for 127.0.0.1 at 2014-10-19 16:22:27 -0500


Started GET "/assets/application.js?body=1" for 127.0.0.1 at 2014-10-19 16:22:27 -0500


Started GET "/login" for 127.0.0.1 at 2014-10-19 16:22:36 -0500

ActionController::RoutingError (uninitialized constant SessionsController):
  activesupport (4.1.0) lib/active_support/inflector/methods.rb:238:in `const_get'
  activesupport (4.1.0) lib/active_support/inflector/methods.rb:238:in `block in constantize'
  activesupport (4.1.0) lib/active_support/inflector/methods.rb:236:in `each'
  activesupport (4.1.0) lib/active_support/inflector/methods.rb:236:in `inject'
  activesupport (4.1.0) lib/active_support/inflector/methods.rb:236:in `constantize'
  actionpack (4.1.0) lib/action_dispatch/routing/route_set.rb:76:in `controller_reference'
  actionpack (4.1.0) lib/action_dispatch/routing/route_set.rb:66:in `controller'
  actionpack (4.1.0) lib/action_dispatch/routing/route_set.rb:44:in `call'
  actionpack (4.1.0) lib/action_dispatch/journey/router.rb:71:in `block in call'
  actionpack (4.1.0) lib/action_dispatch/journey/router.rb:59:in `each'
  actionpack (4.1.0) lib/action_dispatch/journey/router.rb:59:in `call'
  actionpack (4.1.0) lib/action_dispatch/routing/route_set.rb:676:in `call'
  rack (1.5.2) lib/rack/etag.rb:23:in `call'
  rack (1.5.2) lib/rack/conditionalget.rb:25:in `call'
  rack (1.5.2) lib/rack/head.rb:11:in `call'
  actionpack (4.1.0) lib/action_dispatch/middleware/params_parser.rb:27:in `call'
  actionpack (4.1.0) lib/action_dispatch/middleware/flash.rb:254:in `call'
  rack (1.5.2) lib/rack/session/abstract/id.rb:225:in `context'
  rack (1.5.2) lib/rack/session/abstract/id.rb:220:in `call'
  actionpack (4.1.0) lib/action_dispatch/middleware/cookies.rb:560:in `call'
  activerecord (4.1.0) lib/active_record/query_cache.rb:36:in `call'
  activerecord (4.1.0) lib/active_record/connection_adapters/abstract/connection_pool.rb:621:in `call'
  activerecord (4.1.0) lib/active_record/migration.rb:380:in `call'
  actionpack (4.1.0) lib/action_dispatch/middleware/callbacks.rb:29:in `block in call'
  activesupport (4.1.0) lib/active_support/callbacks.rb:82:in `run_callbacks'
  actionpack (4.1.0) lib/action_dispatch/middleware/callbacks.rb:27:in `call'
  actionpack (4.1.0) lib/action_dispatch/middleware/reloader.rb:73:in `call'
  actionpack (4.1.0) lib/action_dispatch/middleware/remote_ip.rb:76:in `call'
  actionpack (4.1.0) lib/action_dispatch/middleware/debug_exceptions.rb:17:in `call'
  actionpack (4.1.0) lib/action_dispatch/middleware/show_exceptions.rb:30:in `call'
  railties (4.1.0) lib/rails/rack/logger.rb:38:in `call_app'
  railties (4.1.0) lib/rails/rack/logger.rb:20:in `block in call'
  activesupport (4.1.0) lib/active_support/tagged_logging.rb:68:in `block in tagged'
  activesupport (4.1.0) lib/active_support/tagged_logging.rb:26:in `tagged'
  activesupport (4.1.0) lib/active_support/tagged_logging.rb:68:in `tagged'
  railties (4.1.0) lib/rails/rack/logger.rb:20:in `call'
  actionpack (4.1.0) lib/action_dispatch/middleware/request_id.rb:21:in `call'
  rack (1.5.2) lib/rack/methodoverride.rb:21:in `call'
  rack (1.5.2) lib/rack/runtime.rb:17:in `call'
  activesupport (4.1.0) lib/active_support/cache/strategy/local_cache_middleware.rb:26:in `call'
  rack (1.5.2) lib/rack/lock.rb:17:in `call'
  actionpack (4.1.0) lib/action_dispatch/middleware/static.rb:64:in `call'
  rack (1.5.2) lib/rack/sendfile.rb:112:in `call'
  railties (4.1.0) lib/rails/engine.rb:514:in `call'
  railties (4.1.0) lib/rails/application.rb:144:in `call'
  rack (1.5.2) lib/rack/lock.rb:17:in `call'
  rack (1.5.2) lib/rack/content_length.rb:14:in `call'
  rack (1.5.2) lib/rack/handler/webrick.rb:60:in `service'
  /Users/ryanbahniuk/.rvm/rubies/ruby-2.0.0-p451/lib/ruby/2.0.0/webrick/httpserver.rb:138:in `service'
  /Users/ryanbahniuk/.rvm/rubies/ruby-2.0.0-p451/lib/ruby/2.0.0/webrick/httpserver.rb:94:in `run'
  /Users/ryanbahniuk/.rvm/rubies/ruby-2.0.0-p451/lib/ruby/2.0.0/webrick/server.rb:295:in `block in start_thread'


  Rendered /Users/ryanbahniuk/.rvm/gems/ruby-2.0.0-p451/gems/actionpack-4.1.0/lib/action_dispatch/middleware/templates/rescues/_trace.html.erb (1.3ms)
  Rendered /Users/ryanbahniuk/.rvm/gems/ruby-2.0.0-p451/gems/actionpack-4.1.0/lib/action_dispatch/middleware/templates/routes/_route.html.erb (1.4ms)
  Rendered /Users/ryanbahniuk/.rvm/gems/ruby-2.0.0-p451/gems/actionpack-4.1.0/lib/action_dispatch/middleware/templates/routes/_table.html.erb (18.9ms)
  Rendered /Users/ryanbahniuk/.rvm/gems/ruby-2.0.0-p451/gems/actionpack-4.1.0/lib/action_dispatch/middleware/templates/rescues/routing_error.html.erb within rescues/layout (57.9ms)


Started GET "/login" for 127.0.0.1 at 2014-10-19 16:22:46 -0500

ActionController::RoutingError (uninitialized constant SessionsController):
  activesupport (4.1.0) lib/active_support/inflector/methods.rb:238:in `const_get'
  activesupport (4.1.0) lib/active_support/inflector/methods.rb:238:in `block in constantize'
  activesupport (4.1.0) lib/active_support/inflector/methods.rb:236:in `each'
  activesupport (4.1.0) lib/active_support/inflector/methods.rb:236:in `inject'
  activesupport (4.1.0) lib/active_support/inflector/methods.rb:236:in `constantize'
  actionpack (4.1.0) lib/action_dispatch/routing/route_set.rb:76:in `controller_reference'
  actionpack (4.1.0) lib/action_dispatch/routing/route_set.rb:66:in `controller'
  actionpack (4.1.0) lib/action_dispatch/routing/route_set.rb:44:in `call'
  actionpack (4.1.0) lib/action_dispatch/journey/router.rb:71:in `block in call'
  actionpack (4.1.0) lib/action_dispatch/journey/router.rb:59:in `each'
  actionpack (4.1.0) lib/action_dispatch/journey/router.rb:59:in `call'
  actionpack (4.1.0) lib/action_dispatch/routing/route_set.rb:676:in `call'
  rack (1.5.2) lib/rack/etag.rb:23:in `call'
  rack (1.5.2) lib/rack/conditionalget.rb:25:in `call'
  rack (1.5.2) lib/rack/head.rb:11:in `call'
  actionpack (4.1.0) lib/action_dispatch/middleware/params_parser.rb:27:in `call'
  actionpack (4.1.0) lib/action_dispatch/middleware/flash.rb:254:in `call'
  rack (1.5.2) lib/rack/session/abstract/id.rb:225:in `context'
  rack (1.5.2) lib/rack/session/abstract/id.rb:220:in `call'
  actionpack (4.1.0) lib/action_dispatch/middleware/cookies.rb:560:in `call'
  activerecord (4.1.0) lib/active_record/query_cache.rb:36:in `call'
  activerecord (4.1.0) lib/active_record/connection_adapters/abstract/connection_pool.rb:621:in `call'
  activerecord (4.1.0) lib/active_record/migration.rb:380:in `call'
  actionpack (4.1.0) lib/action_dispatch/middleware/callbacks.rb:29:in `block in call'
  activesupport (4.1.0) lib/active_support/callbacks.rb:82:in `run_callbacks'
  actionpack (4.1.0) lib/action_dispatch/middleware/callbacks.rb:27:in `call'
  actionpack (4.1.0) lib/action_dispatch/middleware/reloader.rb:73:in `call'
  actionpack (4.1.0) lib/action_dispatch/middleware/remote_ip.rb:76:in `call'
  actionpack (4.1.0) lib/action_dispatch/middleware/debug_exceptions.rb:17:in `call'
  actionpack (4.1.0) lib/action_dispatch/middleware/show_exceptions.rb:30:in `call'
  railties (4.1.0) lib/rails/rack/logger.rb:38:in `call_app'
  railties (4.1.0) lib/rails/rack/logger.rb:20:in `block in call'
  activesupport (4.1.0) lib/active_support/tagged_logging.rb:68:in `block in tagged'
  activesupport (4.1.0) lib/active_support/tagged_logging.rb:26:in `tagged'
  activesupport (4.1.0) lib/active_support/tagged_logging.rb:68:in `tagged'
  railties (4.1.0) lib/rails/rack/logger.rb:20:in `call'
  actionpack (4.1.0) lib/action_dispatch/middleware/request_id.rb:21:in `call'
  rack (1.5.2) lib/rack/methodoverride.rb:21:in `call'
  rack (1.5.2) lib/rack/runtime.rb:17:in `call'
  activesupport (4.1.0) lib/active_support/cache/strategy/local_cache_middleware.rb:26:in `call'
  rack (1.5.2) lib/rack/lock.rb:17:in `call'
  actionpack (4.1.0) lib/action_dispatch/middleware/static.rb:64:in `call'
  rack (1.5.2) lib/rack/sendfile.rb:112:in `call'
  railties (4.1.0) lib/rails/engine.rb:514:in `call'
  railties (4.1.0) lib/rails/application.rb:144:in `call'
  rack (1.5.2) lib/rack/lock.rb:17:in `call'
  rack (1.5.2) lib/rack/content_length.rb:14:in `call'
  rack (1.5.2) lib/rack/handler/webrick.rb:60:in `service'
  /Users/ryanbahniuk/.rvm/rubies/ruby-2.0.0-p451/lib/ruby/2.0.0/webrick/httpserver.rb:138:in `service'
  /Users/ryanbahniuk/.rvm/rubies/ruby-2.0.0-p451/lib/ruby/2.0.0/webrick/httpserver.rb:94:in `run'
  /Users/ryanbahniuk/.rvm/rubies/ruby-2.0.0-p451/lib/ruby/2.0.0/webrick/server.rb:295:in `block in start_thread'


  Rendered /Users/ryanbahniuk/.rvm/gems/ruby-2.0.0-p451/gems/actionpack-4.1.0/lib/action_dispatch/middleware/templates/rescues/_trace.html.erb (2.1ms)
  Rendered /Users/ryanbahniuk/.rvm/gems/ruby-2.0.0-p451/gems/actionpack-4.1.0/lib/action_dispatch/middleware/templates/routes/_route.html.erb (2.0ms)
  Rendered /Users/ryanbahniuk/.rvm/gems/ruby-2.0.0-p451/gems/actionpack-4.1.0/lib/action_dispatch/middleware/templates/routes/_table.html.erb (1.6ms)
  Rendered /Users/ryanbahniuk/.rvm/gems/ruby-2.0.0-p451/gems/actionpack-4.1.0/lib/action_dispatch/middleware/templates/rescues/routing_error.html.erb within rescues/layout (30.6ms)


Started GET "/login" for 127.0.0.1 at 2014-10-19 16:27:18 -0500
Processing by SessionsController#login as HTML
  Rendered sessions/login.html.erb within layouts/application (0.4ms)
  Rendered layouts/_header.html.erb (0.4ms)
Completed 200 OK in 23ms (Views: 22.9ms | ActiveRecord: 0.0ms)


Started GET "/assets/application.css?body=1" for 127.0.0.1 at 2014-10-19 16:27:18 -0500


Started GET "/assets/jquery.js?body=1" for 127.0.0.1 at 2014-10-19 16:27:18 -0500


Started GET "/assets/application.js?body=1" for 127.0.0.1 at 2014-10-19 16:27:18 -0500


Started GET "/assets/jquery_ujs.js?body=1" for 127.0.0.1 at 2014-10-19 16:27:18 -0500


Started GET "/login" for 127.0.0.1 at 2014-10-19 16:31:14 -0500
Processing by SessionsController#login as HTML
  Rendered sessions/login.html.erb within layouts/application (1.7ms)
  Rendered layouts/_header.html.erb (0.6ms)
Completed 200 OK in 33ms (Views: 32.7ms | ActiveRecord: 0.0ms)


Started GET "/assets/application.css?body=1" for 127.0.0.1 at 2014-10-19 16:31:14 -0500


Started GET "/assets/jquery.js?body=1" for 127.0.0.1 at 2014-10-19 16:31:14 -0500


Started GET "/assets/jquery_ujs.js?body=1" for 127.0.0.1 at 2014-10-19 16:31:14 -0500


Started GET "/assets/application.js?body=1" for 127.0.0.1 at 2014-10-19 16:31:14 -0500


Started GET "/assets/application.css?body=1" for 127.0.0.1 at 2014-10-19 16:31:22 -0500


Started GET "/login" for 127.0.0.1 at 2014-10-19 16:49:19 -0500
Processing by SessionsController#login as HTML
  Rendered sessions/login.html.erb within layouts/application (1.9ms)
Completed 500 Internal Server Error in 23ms

ActionView::Template::Error (undefined method `errors' for nil:NilClass):
    1: <% if @user.errors.any? %>
    2: <div id="error_explanation">
    3:   <ul>
    4:   <% @user.errors.full_messages.each do |msg| %>
  app/views/sessions/login.html.erb:1:in `_app_views_sessions_login_html_erb___1187700145014627029_2199118320'


  Rendered /Users/ryanbahniuk/.rvm/gems/ruby-2.0.0-p451/gems/actionpack-4.1.0/lib/action_dispatch/middleware/templates/rescues/_trace.html.erb (1.6ms)
  Rendered /Users/ryanbahniuk/.rvm/gems/ruby-2.0.0-p451/gems/actionpack-4.1.0/lib/action_dispatch/middleware/templates/rescues/_request_and_response.html.erb (2.0ms)
  Rendered /Users/ryanbahniuk/.rvm/gems/ruby-2.0.0-p451/gems/actionpack-4.1.0/lib/action_dispatch/middleware/templates/rescues/template_error.html.erb within rescues/layout (22.0ms)


Started GET "/login" for 127.0.0.1 at 2014-10-19 16:50:13 -0500
Processing by SessionsController#login as HTML
  Rendered sessions/login.html.erb within layouts/application (134.5ms)
  Rendered layouts/_header.html.erb (0.6ms)
Completed 200 OK in 199ms (Views: 171.6ms | ActiveRecord: 0.0ms)


Started GET "/assets/application.css?body=1" for 127.0.0.1 at 2014-10-19 16:50:13 -0500


Started GET "/assets/jquery.js?body=1" for 127.0.0.1 at 2014-10-19 16:50:13 -0500


Started GET "/assets/jquery_ujs.js?body=1" for 127.0.0.1 at 2014-10-19 16:50:13 -0500


Started GET "/assets/application.js?body=1" for 127.0.0.1 at 2014-10-19 16:50:13 -0500


Started GET "/users/new" for 127.0.0.1 at 2014-10-19 16:54:00 -0500

ActionController::RoutingError (uninitialized constant UsersController):
  activesupport (4.1.0) lib/active_support/inflector/methods.rb:238:in `const_get'
  activesupport (4.1.0) lib/active_support/inflector/methods.rb:238:in `block in constantize'
  activesupport (4.1.0) lib/active_support/inflector/methods.rb:236:in `each'
  activesupport (4.1.0) lib/active_support/inflector/methods.rb:236:in `inject'
  activesupport (4.1.0) lib/active_support/inflector/methods.rb:236:in `constantize'
  actionpack (4.1.0) lib/action_dispatch/routing/route_set.rb:76:in `controller_reference'
  actionpack (4.1.0) lib/action_dispatch/routing/route_set.rb:66:in `controller'
  actionpack (4.1.0) lib/action_dispatch/routing/route_set.rb:44:in `call'
  actionpack (4.1.0) lib/action_dispatch/journey/router.rb:71:in `block in call'
  actionpack (4.1.0) lib/action_dispatch/journey/router.rb:59:in `each'
  actionpack (4.1.0) lib/action_dispatch/journey/router.rb:59:in `call'
  actionpack (4.1.0) lib/action_dispatch/routing/route_set.rb:676:in `call'
  rack (1.5.2) lib/rack/etag.rb:23:in `call'
  rack (1.5.2) lib/rack/conditionalget.rb:25:in `call'
  rack (1.5.2) lib/rack/head.rb:11:in `call'
  actionpack (4.1.0) lib/action_dispatch/middleware/params_parser.rb:27:in `call'
  actionpack (4.1.0) lib/action_dispatch/middleware/flash.rb:254:in `call'
  rack (1.5.2) lib/rack/session/abstract/id.rb:225:in `context'
  rack (1.5.2) lib/rack/session/abstract/id.rb:220:in `call'
  actionpack (4.1.0) lib/action_dispatch/middleware/cookies.rb:560:in `call'
  activerecord (4.1.0) lib/active_record/query_cache.rb:36:in `call'
  activerecord (4.1.0) lib/active_record/connection_adapters/abstract/connection_pool.rb:621:in `call'
  activerecord (4.1.0) lib/active_record/migration.rb:380:in `call'
  actionpack (4.1.0) lib/action_dispatch/middleware/callbacks.rb:29:in `block in call'
  activesupport (4.1.0) lib/active_support/callbacks.rb:82:in `run_callbacks'
  actionpack (4.1.0) lib/action_dispatch/middleware/callbacks.rb:27:in `call'
  actionpack (4.1.0) lib/action_dispatch/middleware/reloader.rb:73:in `call'
  actionpack (4.1.0) lib/action_dispatch/middleware/remote_ip.rb:76:in `call'
  actionpack (4.1.0) lib/action_dispatch/middleware/debug_exceptions.rb:17:in `call'
  actionpack (4.1.0) lib/action_dispatch/middleware/show_exceptions.rb:30:in `call'
  railties (4.1.0) lib/rails/rack/logger.rb:38:in `call_app'
  railties (4.1.0) lib/rails/rack/logger.rb:20:in `block in call'
  activesupport (4.1.0) lib/active_support/tagged_logging.rb:68:in `block in tagged'
  activesupport (4.1.0) lib/active_support/tagged_logging.rb:26:in `tagged'
  activesupport (4.1.0) lib/active_support/tagged_logging.rb:68:in `tagged'
  railties (4.1.0) lib/rails/rack/logger.rb:20:in `call'
  actionpack (4.1.0) lib/action_dispatch/middleware/request_id.rb:21:in `call'
  rack (1.5.2) lib/rack/methodoverride.rb:21:in `call'
  rack (1.5.2) lib/rack/runtime.rb:17:in `call'
  activesupport (4.1.0) lib/active_support/cache/strategy/local_cache_middleware.rb:26:in `call'
  rack (1.5.2) lib/rack/lock.rb:17:in `call'
  actionpack (4.1.0) lib/action_dispatch/middleware/static.rb:64:in `call'
  rack (1.5.2) lib/rack/sendfile.rb:112:in `call'
  railties (4.1.0) lib/rails/engine.rb:514:in `call'
  railties (4.1.0) lib/rails/application.rb:144:in `call'
  rack (1.5.2) lib/rack/lock.rb:17:in `call'
  rack (1.5.2) lib/rack/content_length.rb:14:in `call'
  rack (1.5.2) lib/rack/handler/webrick.rb:60:in `service'
  /Users/ryanbahniuk/.rvm/rubies/ruby-2.0.0-p451/lib/ruby/2.0.0/webrick/httpserver.rb:138:in `service'
  /Users/ryanbahniuk/.rvm/rubies/ruby-2.0.0-p451/lib/ruby/2.0.0/webrick/httpserver.rb:94:in `run'
  /Users/ryanbahniuk/.rvm/rubies/ruby-2.0.0-p451/lib/ruby/2.0.0/webrick/server.rb:295:in `block in start_thread'


  Rendered /Users/ryanbahniuk/.rvm/gems/ruby-2.0.0-p451/gems/actionpack-4.1.0/lib/action_dispatch/middleware/templates/rescues/_trace.html.erb (1.9ms)
  Rendered /Users/ryanbahniuk/.rvm/gems/ruby-2.0.0-p451/gems/actionpack-4.1.0/lib/action_dispatch/middleware/templates/routes/_route.html.erb (1.8ms)
  Rendered /Users/ryanbahniuk/.rvm/gems/ruby-2.0.0-p451/gems/actionpack-4.1.0/lib/action_dispatch/middleware/templates/routes/_table.html.erb (1.4ms)
  Rendered /Users/ryanbahniuk/.rvm/gems/ruby-2.0.0-p451/gems/actionpack-4.1.0/lib/action_dispatch/middleware/templates/rescues/routing_error.html.erb within rescues/layout (33.1ms)


Started GET "/users/new" for 127.0.0.1 at 2014-10-19 16:57:15 -0500
Processing by UsersController#new as HTML
  Rendered users/new.html.erb within layouts/application (1.2ms)
Completed 500 Internal Server Error in 44ms

SyntaxError (/Users/ryanbahniuk/Desktop/coding-temp/railroad/app/views/users/new.html.erb:28: syntax error, unexpected ')', expecting :: or '[' or '.'
...append=( f.submit, "Register" );@output_buffer.safe_append='
...                               ^
/Users/ryanbahniuk/Desktop/coding-temp/railroad/app/views/users/new.html.erb:30: syntax error, unexpected keyword_end, expecting ')'
'.freeze; end ;@output_buffer.to_s
             ^
/Users/ryanbahniuk/Desktop/coding-temp/railroad/app/views/users/new.html.erb:31: syntax error, unexpected keyword_ensure, expecting ')'
/Users/ryanbahniuk/Desktop/coding-temp/railroad/app/views/users/new.html.erb:33: syntax error, unexpected keyword_end, expecting ')'):
  actionview (4.1.0) lib/action_view/template.rb:297:in `module_eval'
  actionview (4.1.0) lib/action_view/template.rb:297:in `compile'
  actionview (4.1.0) lib/action_view/template.rb:245:in `block (2 levels) in compile!'
  activesupport (4.1.0) lib/active_support/notifications.rb:161:in `instrument'
  actionview (4.1.0) lib/action_view/template.rb:339:in `instrument'
  actionview (4.1.0) lib/action_view/template.rb:244:in `block in compile!'
  actionview (4.1.0) lib/action_view/template.rb:232:in `synchronize'
  actionview (4.1.0) lib/action_view/template.rb:232:in `compile!'
  actionview (4.1.0) lib/action_view/template.rb:144:in `block in render'
  activesupport (4.1.0) lib/active_support/notifications.rb:161:in `instrument'
  actionview (4.1.0) lib/action_view/template.rb:339:in `instrument'
  actionview (4.1.0) lib/action_view/template.rb:143:in `render'
  actionview (4.1.0) lib/action_view/renderer/template_renderer.rb:55:in `block (2 levels) in render_template'
  actionview (4.1.0) lib/action_view/renderer/abstract_renderer.rb:38:in `block in instrument'
  activesupport (4.1.0) lib/active_support/notifications.rb:159:in `block in instrument'
  activesupport (4.1.0) lib/active_support/notifications/instrumenter.rb:20:in `instrument'
  activesupport (4.1.0) lib/active_support/notifications.rb:159:in `instrument'
  actionview (4.1.0) lib/action_view/renderer/abstract_renderer.rb:38:in `instrument'
  actionview (4.1.0) lib/action_view/renderer/template_renderer.rb:54:in `block in render_template'
  actionview (4.1.0) lib/action_view/renderer/template_renderer.rb:62:in `render_with_layout'
  actionview (4.1.0) lib/action_view/renderer/template_renderer.rb:53:in `render_template'
  actionview (4.1.0) lib/action_view/renderer/template_renderer.rb:17:in `render'
  actionview (4.1.0) lib/action_view/renderer/renderer.rb:42:in `render_template'
  actionview (4.1.0) lib/action_view/renderer/renderer.rb:23:in `render'
  actionview (4.1.0) lib/action_view/rendering.rb:99:in `_render_template'
  actionpack (4.1.0) lib/action_controller/metal/streaming.rb:217:in `_render_template'
  actionview (4.1.0) lib/action_view/rendering.rb:82:in `render_to_body'
  actionpack (4.1.0) lib/action_controller/metal/rendering.rb:32:in `render_to_body'
  actionpack (4.1.0) lib/action_controller/metal/renderers.rb:32:in `render_to_body'
  actionpack (4.1.0) lib/abstract_controller/rendering.rb:25:in `render'
  actionpack (4.1.0) lib/action_controller/metal/rendering.rb:16:in `render'
  actionpack (4.1.0) lib/action_controller/metal/instrumentation.rb:41:in `block (2 levels) in render'
  activesupport (4.1.0) lib/active_support/core_ext/benchmark.rb:12:in `block in ms'
  /Users/ryanbahniuk/.rvm/rubies/ruby-2.0.0-p451/lib/ruby/2.0.0/benchmark.rb:296:in `realtime'
  activesupport (4.1.0) lib/active_support/core_ext/benchmark.rb:12:in `ms'
  actionpack (4.1.0) lib/action_controller/metal/instrumentation.rb:41:in `block in render'
  actionpack (4.1.0) lib/action_controller/metal/instrumentation.rb:84:in `cleanup_view_runtime'
  activerecord (4.1.0) lib/active_record/railties/controller_runtime.rb:25:in `cleanup_view_runtime'
  actionpack (4.1.0) lib/action_controller/metal/instrumentation.rb:40:in `render'
  actionpack (4.1.0) lib/action_controller/metal/implicit_render.rb:10:in `default_render'
  actionpack (4.1.0) lib/action_controller/metal/implicit_render.rb:5:in `send_action'
  actionpack (4.1.0) lib/abstract_controller/base.rb:189:in `process_action'
  actionpack (4.1.0) lib/action_controller/metal/rendering.rb:10:in `process_action'
  actionpack (4.1.0) lib/abstract_controller/callbacks.rb:20:in `block in process_action'
  activesupport (4.1.0) lib/active_support/callbacks.rb:113:in `call'
  activesupport (4.1.0) lib/active_support/callbacks.rb:113:in `call'
  activesupport (4.1.0) lib/active_support/callbacks.rb:229:in `block in halting'
  activesupport (4.1.0) lib/active_support/callbacks.rb:166:in `call'
  activesupport (4.1.0) lib/active_support/callbacks.rb:166:in `block in halting'
  activesupport (4.1.0) lib/active_support/callbacks.rb:86:in `call'
  activesupport (4.1.0) lib/active_support/callbacks.rb:86:in `run_callbacks'
  actionpack (4.1.0) lib/abstract_controller/callbacks.rb:19:in `process_action'
  actionpack (4.1.0) lib/action_controller/metal/rescue.rb:29:in `process_action'
  actionpack (4.1.0) lib/action_controller/metal/instrumentation.rb:31:in `block in process_action'
  activesupport (4.1.0) lib/active_support/notifications.rb:159:in `block in instrument'
  activesupport (4.1.0) lib/active_support/notifications/instrumenter.rb:20:in `instrument'
  activesupport (4.1.0) lib/active_support/notifications.rb:159:in `instrument'
  actionpack (4.1.0) lib/action_controller/metal/instrumentation.rb:30:in `process_action'
  actionpack (4.1.0) lib/action_controller/metal/params_wrapper.rb:250:in `process_action'
  activerecord (4.1.0) lib/active_record/railties/controller_runtime.rb:18:in `process_action'
  actionpack (4.1.0) lib/abstract_controller/base.rb:136:in `process'
  actionview (4.1.0) lib/action_view/rendering.rb:30:in `process'
  actionpack (4.1.0) lib/action_controller/metal.rb:195:in `dispatch'
  actionpack (4.1.0) lib/action_controller/metal/rack_delegation.rb:13:in `dispatch'
  actionpack (4.1.0) lib/action_controller/metal.rb:231:in `block in action'
  actionpack (4.1.0) lib/action_dispatch/routing/route_set.rb:80:in `call'
  actionpack (4.1.0) lib/action_dispatch/routing/route_set.rb:80:in `dispatch'
  actionpack (4.1.0) lib/action_dispatch/routing/route_set.rb:48:in `call'
  actionpack (4.1.0) lib/action_dispatch/journey/router.rb:71:in `block in call'
  actionpack (4.1.0) lib/action_dispatch/journey/router.rb:59:in `each'
  actionpack (4.1.0) lib/action_dispatch/journey/router.rb:59:in `call'
  actionpack (4.1.0) lib/action_dispatch/routing/route_set.rb:676:in `call'
  rack (1.5.2) lib/rack/etag.rb:23:in `call'
  rack (1.5.2) lib/rack/conditionalget.rb:25:in `call'
  rack (1.5.2) lib/rack/head.rb:11:in `call'
  actionpack (4.1.0) lib/action_dispatch/middleware/params_parser.rb:27:in `call'
  actionpack (4.1.0) lib/action_dispatch/middleware/flash.rb:254:in `call'
  rack (1.5.2) lib/rack/session/abstract/id.rb:225:in `context'
  rack (1.5.2) lib/rack/session/abstract/id.rb:220:in `call'
  actionpack (4.1.0) lib/action_dispatch/middleware/cookies.rb:560:in `call'
  activerecord (4.1.0) lib/active_record/query_cache.rb:36:in `call'
  activerecord (4.1.0) lib/active_record/connection_adapters/abstract/connection_pool.rb:621:in `call'
  activerecord (4.1.0) lib/active_record/migration.rb:380:in `call'
  actionpack (4.1.0) lib/action_dispatch/middleware/callbacks.rb:29:in `block in call'
  activesupport (4.1.0) lib/active_support/callbacks.rb:82:in `run_callbacks'
  actionpack (4.1.0) lib/action_dispatch/middleware/callbacks.rb:27:in `call'
  actionpack (4.1.0) lib/action_dispatch/middleware/reloader.rb:73:in `call'
  actionpack (4.1.0) lib/action_dispatch/middleware/remote_ip.rb:76:in `call'
  actionpack (4.1.0) lib/action_dispatch/middleware/debug_exceptions.rb:17:in `call'
  actionpack (4.1.0) lib/action_dispatch/middleware/show_exceptions.rb:30:in `call'
  railties (4.1.0) lib/rails/rack/logger.rb:38:in `call_app'
  railties (4.1.0) lib/rails/rack/logger.rb:20:in `block in call'
  activesupport (4.1.0) lib/active_support/tagged_logging.rb:68:in `block in tagged'
  activesupport (4.1.0) lib/active_support/tagged_logging.rb:26:in `tagged'
  activesupport (4.1.0) lib/active_support/tagged_logging.rb:68:in `tagged'
  railties (4.1.0) lib/rails/rack/logger.rb:20:in `call'
  actionpack (4.1.0) lib/action_dispatch/middleware/request_id.rb:21:in `call'
  rack (1.5.2) lib/rack/methodoverride.rb:21:in `call'
  rack (1.5.2) lib/rack/runtime.rb:17:in `call'
  activesupport (4.1.0) lib/active_support/cache/strategy/local_cache_middleware.rb:26:in `call'
  rack (1.5.2) lib/rack/lock.rb:17:in `call'
  actionpack (4.1.0) lib/action_dispatch/middleware/static.rb:64:in `call'
  rack (1.5.2) lib/rack/sendfile.rb:112:in `call'
  railties (4.1.0) lib/rails/engine.rb:514:in `call'
  railties (4.1.0) lib/rails/application.rb:144:in `call'
  rack (1.5.2) lib/rack/lock.rb:17:in `call'
  rack (1.5.2) lib/rack/content_length.rb:14:in `call'
  rack (1.5.2) lib/rack/handler/webrick.rb:60:in `service'
  /Users/ryanbahniuk/.rvm/rubies/ruby-2.0.0-p451/lib/ruby/2.0.0/webrick/httpserver.rb:138:in `service'
  /Users/ryanbahniuk/.rvm/rubies/ruby-2.0.0-p451/lib/ruby/2.0.0/webrick/httpserver.rb:94:in `run'
  /Users/ryanbahniuk/.rvm/rubies/ruby-2.0.0-p451/lib/ruby/2.0.0/webrick/server.rb:295:in `block in start_thread'


  Rendered /Users/ryanbahniuk/.rvm/gems/ruby-2.0.0-p451/gems/actionpack-4.1.0/lib/action_dispatch/middleware/templates/rescues/_source.erb (0.7ms)
  Rendered /Users/ryanbahniuk/.rvm/gems/ruby-2.0.0-p451/gems/actionpack-4.1.0/lib/action_dispatch/middleware/templates/rescues/_trace.html.erb (1.3ms)
  Rendered /Users/ryanbahniuk/.rvm/gems/ruby-2.0.0-p451/gems/actionpack-4.1.0/lib/action_dispatch/middleware/templates/rescues/_request_and_response.html.erb (1.6ms)
  Rendered /Users/ryanbahniuk/.rvm/gems/ruby-2.0.0-p451/gems/actionpack-4.1.0/lib/action_dispatch/middleware/templates/rescues/diagnostics.erb within rescues/layout (21.7ms)


Started GET "/users/new" for 127.0.0.1 at 2014-10-19 16:58:51 -0500
Processing by UsersController#new as HTML
  Rendered users/new.html.erb within layouts/application (5.2ms)
Completed 500 Internal Server Error in 9ms

ActionView::Template::Error (wrong number of arguments (3 for 1..2)):
    13:   </div>
    14:   <% end %>
    15:   <p>
    16:     <%= f.text_field :name, nil, placeholder: 'Name' %>
    17:   </p>
    18:  
    19:   <p>
  app/views/users/new.html.erb:16:in `block in _app_views_users_new_html_erb__3275496253040683594_2159914220'
  app/views/users/new.html.erb:3:in `_app_views_users_new_html_erb__3275496253040683594_2159914220'


  Rendered /Users/ryanbahniuk/.rvm/gems/ruby-2.0.0-p451/gems/actionpack-4.1.0/lib/action_dispatch/middleware/templates/rescues/_trace.html.erb (1.4ms)
  Rendered /Users/ryanbahniuk/.rvm/gems/ruby-2.0.0-p451/gems/actionpack-4.1.0/lib/action_dispatch/middleware/templates/rescues/_request_and_response.html.erb (1.5ms)
  Rendered /Users/ryanbahniuk/.rvm/gems/ruby-2.0.0-p451/gems/actionpack-4.1.0/lib/action_dispatch/middleware/templates/rescues/template_error.html.erb within rescues/layout (14.1ms)


Started GET "/users/new" for 127.0.0.1 at 2014-10-19 16:59:07 -0500
Processing by UsersController#new as HTML
  Rendered users/new.html.erb within layouts/application (149.0ms)
  Rendered layouts/_header.html.erb (0.5ms)
Completed 200 OK in 254ms (Views: 253.3ms | ActiveRecord: 0.0ms)


Started GET "/assets/jquery.js?body=1" for 127.0.0.1 at 2014-10-19 16:59:08 -0500


Started GET "/assets/application.css?body=1" for 127.0.0.1 at 2014-10-19 16:59:08 -0500


Started GET "/assets/jquery_ujs.js?body=1" for 127.0.0.1 at 2014-10-19 16:59:08 -0500


Started GET "/assets/application.js?body=1" for 127.0.0.1 at 2014-10-19 16:59:08 -0500


Started GET "/assets/application.css?body=1" for 127.0.0.1 at 2014-10-19 17:00:28 -0500


Started GET "/users/new" for 127.0.0.1 at 2014-10-19 17:02:51 -0500
Processing by UsersController#new as HTML
  Rendered users/new.html.erb within layouts/application (3.0ms)
  Rendered layouts/_header.html.erb (0.5ms)
Completed 200 OK in 32ms (Views: 24.8ms | ActiveRecord: 0.0ms)


Started GET "/assets/application.css?body=1" for 127.0.0.1 at 2014-10-19 17:02:51 -0500


Started GET "/assets/jquery.js?body=1" for 127.0.0.1 at 2014-10-19 17:02:51 -0500


Started GET "/assets/application.js?body=1" for 127.0.0.1 at 2014-10-19 17:02:51 -0500


Started GET "/assets/jquery_ujs.js?body=1" for 127.0.0.1 at 2014-10-19 17:02:51 -0500


Started POST "/users" for 127.0.0.1 at 2014-10-19 17:03:00 -0500
Processing by UsersController#create as HTML
  Parameters: {"utf8"=>"✓", "authenticity_token"=>"rVWl6PO800vyOwtyNSjcYy9xijHf3gnlSQnfjdeAf3I=", "user"=>{"name"=>"Ryan Bahniuk", "email"=>"ryan.bahniuk@gmail.com", "password"=>"[FILTERED]"}, "commit"=>"Create User"}
Completed 500 Internal Server Error in 8ms

NameError (undefined local variable or method `new_user_params' for #<UsersController:0x0000010636ddf8>):
  app/controllers/users_controller.rb:8:in `create'


  Rendered /Users/ryanbahniuk/.rvm/gems/ruby-2.0.0-p451/gems/actionpack-4.1.0/lib/action_dispatch/middleware/templates/rescues/_source.erb (0.9ms)
  Rendered /Users/ryanbahniuk/.rvm/gems/ruby-2.0.0-p451/gems/actionpack-4.1.0/lib/action_dispatch/middleware/templates/rescues/_trace.html.erb (1.7ms)
  Rendered /Users/ryanbahniuk/.rvm/gems/ruby-2.0.0-p451/gems/actionpack-4.1.0/lib/action_dispatch/middleware/templates/rescues/_request_and_response.html.erb (1.4ms)
  Rendered /Users/ryanbahniuk/.rvm/gems/ruby-2.0.0-p451/gems/actionpack-4.1.0/lib/action_dispatch/middleware/templates/rescues/diagnostics.erb within rescues/layout (90.9ms)


Started POST "/users" for 127.0.0.1 at 2014-10-19 17:03:26 -0500
Processing by UsersController#create as HTML
  Parameters: {"utf8"=>"✓", "authenticity_token"=>"rVWl6PO800vyOwtyNSjcYy9xijHf3gnlSQnfjdeAf3I=", "user"=>{"name"=>"Ryan Bahniuk", "email"=>"ryan.bahniuk@gmail.com", "password"=>"[FILTERED]"}, "commit"=>"Create User"}
Completed 500 Internal Server Error in 10ms

ActiveModel::ForbiddenAttributesError (ActiveModel::ForbiddenAttributesError):
  app/controllers/users_controller.rb:8:in `new'
  app/controllers/users_controller.rb:8:in `create'


  Rendered /Users/ryanbahniuk/.rvm/gems/ruby-2.0.0-p451/gems/actionpack-4.1.0/lib/action_dispatch/middleware/templates/rescues/_source.erb (0.9ms)
  Rendered /Users/ryanbahniuk/.rvm/gems/ruby-2.0.0-p451/gems/actionpack-4.1.0/lib/action_dispatch/middleware/templates/rescues/_trace.html.erb (1.2ms)
  Rendered /Users/ryanbahniuk/.rvm/gems/ruby-2.0.0-p451/gems/actionpack-4.1.0/lib/action_dispatch/middleware/templates/rescues/_request_and_response.html.erb (1.3ms)
  Rendered /Users/ryanbahniuk/.rvm/gems/ruby-2.0.0-p451/gems/actionpack-4.1.0/lib/action_dispatch/middleware/templates/rescues/diagnostics.erb within rescues/layout (19.8ms)


Started POST "/users" for 127.0.0.1 at 2014-10-19 17:04:56 -0500
Processing by UsersController#create as HTML
  Parameters: {"utf8"=>"✓", "authenticity_token"=>"rVWl6PO800vyOwtyNSjcYy9xijHf3gnlSQnfjdeAf3I=", "user"=>{"name"=>"Ryan Bahniuk", "email"=>"ryan.bahniuk@gmail.com", "password"=>"[FILTERED]"}, "commit"=>"Create User"}
Completed 500 Internal Server Error in 10ms

NameError (uninitialized constant User::BCrypt):
  app/models/user.rb:16:in `password='
  app/controllers/users_controller.rb:8:in `new'
  app/controllers/users_controller.rb:8:in `create'


  Rendered /Users/ryanbahniuk/.rvm/gems/ruby-2.0.0-p451/gems/actionpack-4.1.0/lib/action_dispatch/middleware/templates/rescues/_source.erb (0.7ms)
  Rendered /Users/ryanbahniuk/.rvm/gems/ruby-2.0.0-p451/gems/actionpack-4.1.0/lib/action_dispatch/middleware/templates/rescues/_trace.html.erb (1.6ms)
  Rendered /Users/ryanbahniuk/.rvm/gems/ruby-2.0.0-p451/gems/actionpack-4.1.0/lib/action_dispatch/middleware/templates/rescues/_request_and_response.html.erb (1.3ms)
  Rendered /Users/ryanbahniuk/.rvm/gems/ruby-2.0.0-p451/gems/actionpack-4.1.0/lib/action_dispatch/middleware/templates/rescues/diagnostics.erb within rescues/layout (20.5ms)


Started POST "/users" for 127.0.0.1 at 2014-10-19 17:05:51 -0500
Processing by UsersController#create as HTML
  Parameters: {"utf8"=>"✓", "authenticity_token"=>"rVWl6PO800vyOwtyNSjcYy9xijHf3gnlSQnfjdeAf3I=", "user"=>{"name"=>"Ryan Bahniuk", "email"=>"ryan.bahniuk@gmail.com", "password"=>"[FILTERED]"}, "commit"=>"Create User"}
  MOPED: 127.0.0.1:50728 COMMAND      database=admin command={:ismaster=>1} runtime: 20.5060ms
Completed 500 Internal Server Error in 250ms

Moped::Errors::ConnectionFailure (Could not connect to a primary node for replica set #<Moped::Cluster:2168197420 @seeds=[<Moped::Node resolved_address="127.0.0.1:50728">]>):
  app/controllers/users_controller.rb:10:in `create'


  Rendered /Users/ryanbahniuk/.rvm/gems/ruby-2.0.0-p451/gems/actionpack-4.1.0/lib/action_dispatch/middleware/templates/rescues/_source.erb (0.9ms)
  Rendered /Users/ryanbahniuk/.rvm/gems/ruby-2.0.0-p451/gems/actionpack-4.1.0/lib/action_dispatch/middleware/templates/rescues/_trace.html.erb (1.5ms)
  Rendered /Users/ryanbahniuk/.rvm/gems/ruby-2.0.0-p451/gems/actionpack-4.1.0/lib/action_dispatch/middleware/templates/rescues/_request_and_response.html.erb (1.2ms)
  Rendered /Users/ryanbahniuk/.rvm/gems/ruby-2.0.0-p451/gems/actionpack-4.1.0/lib/action_dispatch/middleware/templates/rescues/diagnostics.erb within rescues/layout (19.8ms)


Started POST "/users" for 127.0.0.1 at 2014-10-19 17:12:53 -0500
Processing by UsersController#create as HTML
  Parameters: {"utf8"=>"✓", "authenticity_token"=>"rVWl6PO800vyOwtyNSjcYy9xijHf3gnlSQnfjdeAf3I=", "user"=>{"name"=>"Ryan Bahniuk", "email"=>"ryan.bahniuk@gmail.com", "password"=>"[FILTERED]"}, "commit"=>"Create User"}
  MOPED: 127.0.0.1:50728 COMMAND      database=admin command={:ismaster=>1} runtime: 2.0390ms
Completed 500 Internal Server Error in 88ms

Moped::Errors::ConnectionFailure (Could not connect to a primary node for replica set #<Moped::Cluster:2198263560 @seeds=[<Moped::Node resolved_address="127.0.0.1:50728">]>):
  app/controllers/users_controller.rb:10:in `create'


  Rendered /Users/ryanbahniuk/.rvm/gems/ruby-2.0.0-p451/gems/actionpack-4.1.0/lib/action_dispatch/middleware/templates/rescues/_source.erb (1.0ms)
  Rendered /Users/ryanbahniuk/.rvm/gems/ruby-2.0.0-p451/gems/actionpack-4.1.0/lib/action_dispatch/middleware/templates/rescues/_trace.html.erb (1.6ms)
  Rendered /Users/ryanbahniuk/.rvm/gems/ruby-2.0.0-p451/gems/actionpack-4.1.0/lib/action_dispatch/middleware/templates/rescues/_request_and_response.html.erb (1.3ms)
  Rendered /Users/ryanbahniuk/.rvm/gems/ruby-2.0.0-p451/gems/actionpack-4.1.0/lib/action_dispatch/middleware/templates/rescues/diagnostics.erb within rescues/layout (26.5ms)


Started GET "/" for 127.0.0.1 at 2014-10-19 17:21:53 -0500
Processing by WelcomeController#index as HTML
  Rendered welcome/index.html.erb within layouts/application (0.7ms)
  Rendered layouts/_header.html.erb (1.5ms)
Completed 200 OK in 191ms (Views: 190.7ms | ActiveRecord: 0.0ms)


Started GET "/assets/application.js?body=1" for 127.0.0.1 at 2014-10-19 17:21:53 -0500


Started GET "/users/new" for 127.0.0.1 at 2014-10-19 17:22:32 -0500
Processing by UsersController#new as HTML
  Rendered users/new.html.erb within layouts/application (103.8ms)
  Rendered layouts/_header.html.erb (0.5ms)
Completed 200 OK in 144ms (Views: 142.5ms | ActiveRecord: 0.0ms)


Started GET "/assets/application.js?body=1" for 127.0.0.1 at 2014-10-19 17:22:32 -0500


Started POST "/users" for 127.0.0.1 at 2014-10-19 17:22:39 -0500
Processing by UsersController#create as HTML
  Parameters: {"utf8"=>"✓", "authenticity_token"=>"rVWl6PO800vyOwtyNSjcYy9xijHf3gnlSQnfjdeAf3I=", "user"=>{"name"=>"Ryan Bahniuk", "email"=>"ryan.bahniuk@gmail.com", "password"=>"[FILTERED]"}, "commit"=>"Create User"}
  MOPED: 127.0.0.1:50728 COMMAND      database=admin command={:ismaster=>1} runtime: 1.1230ms
Completed 500 Internal Server Error in 87ms

Moped::Errors::ConnectionFailure (Could not connect to a primary node for replica set #<Moped::Cluster:2156666660 @seeds=[<Moped::Node resolved_address="127.0.0.1:50728">]>):
  app/controllers/users_controller.rb:10:in `create'


  Rendered /Users/ryanbahniuk/.rvm/gems/ruby-2.0.0-p451/gems/actionpack-4.1.0/lib/action_dispatch/middleware/templates/rescues/_source.erb (0.8ms)
  Rendered /Users/ryanbahniuk/.rvm/gems/ruby-2.0.0-p451/gems/actionpack-4.1.0/lib/action_dispatch/middleware/templates/rescues/_trace.html.erb (1.7ms)
  Rendered /Users/ryanbahniuk/.rvm/gems/ruby-2.0.0-p451/gems/actionpack-4.1.0/lib/action_dispatch/middleware/templates/rescues/_request_and_response.html.erb (1.4ms)
  Rendered /Users/ryanbahniuk/.rvm/gems/ruby-2.0.0-p451/gems/actionpack-4.1.0/lib/action_dispatch/middleware/templates/rescues/diagnostics.erb within rescues/layout (20.1ms)


Started POST "/users" for 127.0.0.1 at 2014-10-19 17:36:04 -0500
Processing by UsersController#create as HTML
  Parameters: {"utf8"=>"✓", "authenticity_token"=>"rVWl6PO800vyOwtyNSjcYy9xijHf3gnlSQnfjdeAf3I=", "user"=>{"name"=>"Ryan Bahniuk", "email"=>"ryan.bahniuk@gmail.com", "password"=>"[FILTERED]"}, "commit"=>"Create User"}
  MOPED: 127.0.0.1:50728 COMMAND      database=admin command={:ismaster=>1} runtime: 1.2950ms
Completed 500 Internal Server Error in 84ms

Moped::Errors::ConnectionFailure (Could not connect to a primary node for replica set #<Moped::Cluster:2167838840 @seeds=[<Moped::Node resolved_address="127.0.0.1:50728">]>):
  app/controllers/users_controller.rb:10:in `create'


  Rendered /Users/ryanbahniuk/.rvm/gems/ruby-2.0.0-p451/gems/actionpack-4.1.0/lib/action_dispatch/middleware/templates/rescues/_source.erb (1.2ms)
  Rendered /Users/ryanbahniuk/.rvm/gems/ruby-2.0.0-p451/gems/actionpack-4.1.0/lib/action_dispatch/middleware/templates/rescues/_trace.html.erb (1.4ms)
  Rendered /Users/ryanbahniuk/.rvm/gems/ruby-2.0.0-p451/gems/actionpack-4.1.0/lib/action_dispatch/middleware/templates/rescues/_request_and_response.html.erb (1.8ms)
  Rendered /Users/ryanbahniuk/.rvm/gems/ruby-2.0.0-p451/gems/actionpack-4.1.0/lib/action_dispatch/middleware/templates/rescues/diagnostics.erb within rescues/layout (21.0ms)
  MOPED: 127.0.0.1:27017 COMMAND      database=admin command={:ismaster=>1} runtime: 1.1950ms
  MOPED: 127.0.0.1:27017 COMMAND      database=railroad_development command={:dropDatabase=>1} runtime: 19.6650ms
  MOPED: 127.0.0.1:27017 COMMAND      database=admin command={:ismaster=>1} runtime: 1.2130ms
  MOPED: 127.0.0.1:27017 INSERT       database=railroad_development collection=users documents=[{"_id"=>BSON::ObjectId('544441927279612641000000'), "name"=>"Ryan Bahniuk", "email"=>"ryan.bahniuk@gmail.com", "password_digest"=>"$2a$10$C/qwwotGcl0H10B.UixWpeQIOYBBrKNKP0pw9JVc4r3ekISrdeG5."}] flags=[]
                         COMMAND      database=railroad_development command={:getlasterror=>1, :w=>1} runtime: 1576.8940ms


Started POST "/users" for 127.0.0.1 at 2014-10-19 17:57:20 -0500
Processing by UsersController#create as HTML
  Parameters: {"utf8"=>"✓", "authenticity_token"=>"rVWl6PO800vyOwtyNSjcYy9xijHf3gnlSQnfjdeAf3I=", "user"=>{"name"=>"Test", "email"=>"test@test.com", "password"=>"[FILTERED]"}, "commit"=>"Create User"}
  MOPED: 127.0.0.1:50728 COMMAND      database=admin command={:ismaster=>1} runtime: 1.1410ms
Completed 500 Internal Server Error in 90ms

Moped::Errors::ConnectionFailure (Could not connect to a primary node for replica set #<Moped::Cluster:2199360920 @seeds=[<Moped::Node resolved_address="127.0.0.1:50728">]>):
  app/controllers/users_controller.rb:10:in `create'


  Rendered /Users/ryanbahniuk/.rvm/gems/ruby-2.0.0-p451/gems/actionpack-4.1.0/lib/action_dispatch/middleware/templates/rescues/_source.erb (0.8ms)
  Rendered /Users/ryanbahniuk/.rvm/gems/ruby-2.0.0-p451/gems/actionpack-4.1.0/lib/action_dispatch/middleware/templates/rescues/_trace.html.erb (1.8ms)
  Rendered /Users/ryanbahniuk/.rvm/gems/ruby-2.0.0-p451/gems/actionpack-4.1.0/lib/action_dispatch/middleware/templates/rescues/_request_and_response.html.erb (1.3ms)
  Rendered /Users/ryanbahniuk/.rvm/gems/ruby-2.0.0-p451/gems/actionpack-4.1.0/lib/action_dispatch/middleware/templates/rescues/diagnostics.erb within rescues/layout (19.9ms)


Started POST "/users" for 127.0.0.1 at 2014-10-19 18:14:43 -0500
Processing by UsersController#create as HTML
  Parameters: {"utf8"=>"✓", "authenticity_token"=>"rVWl6PO800vyOwtyNSjcYy9xijHf3gnlSQnfjdeAf3I=", "user"=>{"name"=>"Test", "email"=>"test@test.com", "password"=>"[FILTERED]"}, "commit"=>"Create User"}
  MOPED: 127.0.0.1:50728 COMMAND      database=admin command={:ismaster=>1} runtime: 1.1810ms
Completed 500 Internal Server Error in 84ms

Moped::Errors::ConnectionFailure (Could not connect to a primary node for replica set #<Moped::Cluster:2169384640 @seeds=[<Moped::Node resolved_address="127.0.0.1:50728">]>):
  app/controllers/users_controller.rb:10:in `create'


  Rendered /Users/ryanbahniuk/.rvm/gems/ruby-2.0.0-p451/gems/actionpack-4.1.0/lib/action_dispatch/middleware/templates/rescues/_source.erb (1.3ms)
  Rendered /Users/ryanbahniuk/.rvm/gems/ruby-2.0.0-p451/gems/actionpack-4.1.0/lib/action_dispatch/middleware/templates/rescues/_trace.html.erb (1.5ms)
  Rendered /Users/ryanbahniuk/.rvm/gems/ruby-2.0.0-p451/gems/actionpack-4.1.0/lib/action_dispatch/middleware/templates/rescues/_request_and_response.html.erb (1.3ms)
  Rendered /Users/ryanbahniuk/.rvm/gems/ruby-2.0.0-p451/gems/actionpack-4.1.0/lib/action_dispatch/middleware/templates/rescues/diagnostics.erb within rescues/layout (21.3ms)


Started GET "/" for 127.0.0.1 at 2014-10-19 18:14:53 -0500
Processing by WelcomeController#index as HTML
  Rendered welcome/index.html.erb within layouts/application (0.1ms)
  Rendered layouts/_header.html.erb (0.4ms)
Completed 200 OK in 45ms (Views: 44.1ms | ActiveRecord: 0.0ms)


Started GET "/assets/application.css?body=1" for 127.0.0.1 at 2014-10-19 18:14:53 -0500


Started GET "/assets/application.js?body=1" for 127.0.0.1 at 2014-10-19 18:14:53 -0500


Started GET "/assets/jquery.js?body=1" for 127.0.0.1 at 2014-10-19 18:14:53 -0500


Started GET "/assets/jquery_ujs.js?body=1" for 127.0.0.1 at 2014-10-19 18:14:53 -0500


Started GET "/" for 127.0.0.1 at 2014-10-19 18:14:54 -0500
Processing by WelcomeController#index as HTML
  Rendered welcome/index.html.erb within layouts/application (0.1ms)
  Rendered layouts/_header.html.erb (0.3ms)
Completed 200 OK in 28ms (Views: 28.1ms | ActiveRecord: 0.0ms)


Started GET "/assets/application.css?body=1" for 127.0.0.1 at 2014-10-19 18:14:54 -0500


Started GET "/assets/jquery.js?body=1" for 127.0.0.1 at 2014-10-19 18:14:54 -0500


Started GET "/assets/jquery_ujs.js?body=1" for 127.0.0.1 at 2014-10-19 18:14:54 -0500


Started GET "/assets/application.js?body=1" for 127.0.0.1 at 2014-10-19 18:14:54 -0500


Started GET "/users/new" for 127.0.0.1 at 2014-10-19 18:14:55 -0500
Processing by UsersController#new as HTML
  Rendered users/new.html.erb within layouts/application (5.8ms)
  Rendered layouts/_header.html.erb (0.4ms)
Completed 200 OK in 48ms (Views: 47.0ms | ActiveRecord: 0.0ms)


Started POST "/users" for 127.0.0.1 at 2014-10-19 18:15:02 -0500
Processing by UsersController#create as HTML
  Parameters: {"utf8"=>"✓", "authenticity_token"=>"rVWl6PO800vyOwtyNSjcYy9xijHf3gnlSQnfjdeAf3I=", "user"=>{"name"=>"Test", "email"=>"test@test.com", "password"=>"[FILTERED]"}, "commit"=>"Create User"}
Completed 500 Internal Server Error in 84ms

Moped::Errors::ConnectionFailure (Could not connect to a primary node for replica set #<Moped::Cluster:2169384640 @seeds=[<Moped::Node resolved_address="127.0.0.1:50728">]>):
  app/controllers/users_controller.rb:10:in `create'


  Rendered /Users/ryanbahniuk/.rvm/gems/ruby-2.0.0-p451/gems/actionpack-4.1.0/lib/action_dispatch/middleware/templates/rescues/_source.erb (0.8ms)
  Rendered /Users/ryanbahniuk/.rvm/gems/ruby-2.0.0-p451/gems/actionpack-4.1.0/lib/action_dispatch/middleware/templates/rescues/_trace.html.erb (1.5ms)
  Rendered /Users/ryanbahniuk/.rvm/gems/ruby-2.0.0-p451/gems/actionpack-4.1.0/lib/action_dispatch/middleware/templates/rescues/_request_and_response.html.erb (1.2ms)
  Rendered /Users/ryanbahniuk/.rvm/gems/ruby-2.0.0-p451/gems/actionpack-4.1.0/lib/action_dispatch/middleware/templates/rescues/diagnostics.erb within rescues/layout (18.7ms)


Started GET "/" for 127.0.0.1 at 2014-10-19 18:35:52 -0500
Processing by WelcomeController#index as HTML
  Rendered welcome/index.html.erb within layouts/application (0.1ms)
  Rendered layouts/_header.html.erb (0.4ms)
Completed 200 OK in 34ms (Views: 33.2ms | ActiveRecord: 0.0ms)


Started GET "/assets/application.js?body=1" for 127.0.0.1 at 2014-10-19 18:35:52 -0500


Started GET "/users/new" for 127.0.0.1 at 2014-10-19 18:35:54 -0500
Processing by UsersController#new as HTML
  Rendered users/new.html.erb within layouts/application (3.6ms)
  Rendered layouts/_header.html.erb (0.3ms)
Completed 200 OK in 45ms (Views: 44.4ms | ActiveRecord: 0.0ms)


Started GET "/assets/application.js?body=1" for 127.0.0.1 at 2014-10-19 18:35:54 -0500


Started POST "/users" for 127.0.0.1 at 2014-10-19 18:36:00 -0500
Processing by UsersController#create as HTML
  Parameters: {"utf8"=>"✓", "authenticity_token"=>"rVWl6PO800vyOwtyNSjcYy9xijHf3gnlSQnfjdeAf3I=", "user"=>{"name"=>"Test", "email"=>"test@test.com", "password"=>"[FILTERED]"}, "commit"=>"Create User"}
  MOPED: 127.0.0.1:50728 COMMAND      database=admin command={:ismaster=>1} runtime: 1.2350ms
Completed 500 Internal Server Error in 83ms

Moped::Errors::ConnectionFailure (Could not connect to a primary node for replica set #<Moped::Cluster:2202971780 @seeds=[<Moped::Node resolved_address="127.0.0.1:50728">]>):
  app/controllers/users_controller.rb:10:in `create'


  Rendered /Users/ryanbahniuk/.rvm/gems/ruby-2.0.0-p451/gems/actionpack-4.1.0/lib/action_dispatch/middleware/templates/rescues/_source.erb (1.0ms)
  Rendered /Users/ryanbahniuk/.rvm/gems/ruby-2.0.0-p451/gems/actionpack-4.1.0/lib/action_dispatch/middleware/templates/rescues/_trace.html.erb (1.5ms)
  Rendered /Users/ryanbahniuk/.rvm/gems/ruby-2.0.0-p451/gems/actionpack-4.1.0/lib/action_dispatch/middleware/templates/rescues/_request_and_response.html.erb (1.3ms)
  Rendered /Users/ryanbahniuk/.rvm/gems/ruby-2.0.0-p451/gems/actionpack-4.1.0/lib/action_dispatch/middleware/templates/rescues/diagnostics.erb within rescues/layout (20.3ms)


Started GET "/" for 127.0.0.1 at 2014-10-19 18:38:03 -0500
Processing by WelcomeController#index as HTML
  Rendered welcome/index.html.erb within layouts/application (0.1ms)
  Rendered layouts/_header.html.erb (0.4ms)
Completed 200 OK in 81ms (Views: 80.9ms | ActiveRecord: 0.0ms)


Started GET "/assets/application.js?body=1" for 127.0.0.1 at 2014-10-19 18:38:03 -0500


Started GET "/" for 127.0.0.1 at 2014-10-19 18:38:04 -0500
Processing by WelcomeController#index as HTML
  Rendered welcome/index.html.erb within layouts/application (0.1ms)
  Rendered layouts/_header.html.erb (0.5ms)
Completed 200 OK in 97ms (Views: 96.8ms | ActiveRecord: 0.0ms)


Started GET "/assets/application.css?body=1" for 127.0.0.1 at 2014-10-19 18:38:04 -0500


Started GET "/assets/jquery.js?body=1" for 127.0.0.1 at 2014-10-19 18:38:04 -0500


Started GET "/assets/application.js?body=1" for 127.0.0.1 at 2014-10-19 18:38:04 -0500


Started GET "/assets/jquery_ujs.js?body=1" for 127.0.0.1 at 2014-10-19 18:38:04 -0500


Started GET "/" for 127.0.0.1 at 2014-10-19 18:38:05 -0500
Processing by WelcomeController#index as HTML
  Rendered welcome/index.html.erb within layouts/application (0.1ms)
  Rendered layouts/_header.html.erb (0.4ms)
Completed 200 OK in 27ms (Views: 26.2ms | ActiveRecord: 0.0ms)


Started GET "/assets/jquery.js?body=1" for 127.0.0.1 at 2014-10-19 18:38:05 -0500


Started GET "/assets/jquery_ujs.js?body=1" for 127.0.0.1 at 2014-10-19 18:38:05 -0500


Started GET "/assets/application.js?body=1" for 127.0.0.1 at 2014-10-19 18:38:05 -0500


Started GET "/assets/application.css?body=1" for 127.0.0.1 at 2014-10-19 18:38:05 -0500


Started GET "/users/new" for 127.0.0.1 at 2014-10-19 18:38:06 -0500
Processing by UsersController#new as HTML
  Rendered users/new.html.erb within layouts/application (2.1ms)
  Rendered layouts/_header.html.erb (0.5ms)
Completed 200 OK in 28ms (Views: 27.8ms | ActiveRecord: 0.0ms)


Started POST "/users" for 127.0.0.1 at 2014-10-19 18:38:14 -0500
Processing by UsersController#create as HTML
  Parameters: {"utf8"=>"✓", "authenticity_token"=>"rVWl6PO800vyOwtyNSjcYy9xijHf3gnlSQnfjdeAf3I=", "user"=>{"name"=>"Te", "email"=>"test@test.com", "password"=>"[FILTERED]"}, "commit"=>"Create User"}
  MOPED: 127.0.0.1:50728 COMMAND      database=admin command={:ismaster=>1} runtime: 1.5410ms
Completed 500 Internal Server Error in 84ms

Moped::Errors::ConnectionFailure (Could not connect to a primary node for replica set #<Moped::Cluster:2203151720 @seeds=[<Moped::Node resolved_address="127.0.0.1:50728">]>):
  app/controllers/users_controller.rb:10:in `create'


  Rendered /Users/ryanbahniuk/.rvm/gems/ruby-2.0.0-p451/gems/actionpack-4.1.0/lib/action_dispatch/middleware/templates/rescues/_source.erb (0.9ms)
  Rendered /Users/ryanbahniuk/.rvm/gems/ruby-2.0.0-p451/gems/actionpack-4.1.0/lib/action_dispatch/middleware/templates/rescues/_trace.html.erb (1.6ms)
  Rendered /Users/ryanbahniuk/.rvm/gems/ruby-2.0.0-p451/gems/actionpack-4.1.0/lib/action_dispatch/middleware/templates/rescues/_request_and_response.html.erb (1.4ms)
  Rendered /Users/ryanbahniuk/.rvm/gems/ruby-2.0.0-p451/gems/actionpack-4.1.0/lib/action_dispatch/middleware/templates/rescues/diagnostics.erb within rescues/layout (19.8ms)


Started GET "/" for 127.0.0.1 at 2014-10-19 18:38:45 -0500
Processing by WelcomeController#index as HTML
  Rendered welcome/index.html.erb within layouts/application (2.0ms)
  Rendered layouts/_header.html.erb (1.6ms)
Completed 200 OK in 230ms (Views: 229.7ms)


Started GET "/users/new" for 127.0.0.1 at 2014-10-19 18:38:47 -0500
Processing by UsersController#new as HTML
  Rendered users/new.html.erb within layouts/application (101.2ms)
  Rendered layouts/_header.html.erb (0.7ms)
Completed 200 OK in 173ms (Views: 125.0ms)


Started POST "/users" for 127.0.0.1 at 2014-10-19 18:38:53 -0500
Processing by UsersController#create as HTML
  Parameters: {"utf8"=>"✓", "authenticity_token"=>"rVWl6PO800vyOwtyNSjcYy9xijHf3gnlSQnfjdeAf3I=", "user"=>{"name"=>"Test", "email"=>"test@test.com", "password"=>"[FILTERED]"}, "commit"=>"Create User"}
  MOPED: 127.0.0.1:27017 COMMAND      database=admin command={:ismaster=>1} runtime: 1.1730ms
  MOPED: 127.0.0.1:27017 INSERT       database=railroad_development collection=users documents=[{"_id"=>BSON::ObjectId('54444b8d7279612843000000'), "name"=>"Test", "email"=>"test@test.com", "password_digest"=>"$2a$10$ZINr4f96GxJKm2kQHjjUNO..UDZOx894G7F.de2x8cTcKiaOSySIu"}] flags=[]
                         COMMAND      database=railroad_development command={:getlasterror=>1, :w=>1} runtime: 0.8690ms
Redirected to http://0.0.0.0:3000/
Completed 302 Found in 86ms


Started GET "/" for 127.0.0.1 at 2014-10-19 18:38:53 -0500
Processing by WelcomeController#index as HTML
  Rendered welcome/index.html.erb within layouts/application (0.1ms)
  MOPED: 127.0.0.1:27017 QUERY        database=railroad_development collection=users selector={"_id"=>{:_id=>{"$oid"=>BSON::ObjectId('54444b8d7279612843000000')}}} flags=[] limit=0 skip=0 batch_size=nil fields=nil runtime: 12.8560ms
  Rendered layouts/_header.html.erb (38.9ms)
Completed 500 Internal Server Error in 63ms

Mongoid::Errors::DocumentNotFound (
Problem:
  Document(s) not found for class User with id(s) {:_id=>{"$oid"=>BSON::ObjectId('54444b8d7279612843000000')}}.
Summary:
  When calling User.find with an id or array of ids, each parameter must match a document in the database or this error will be raised. The search was for the id(s): {:_id=>{"$oid"=>BSON::ObjectId('54444b8d7279612843000000')}} ... (1 total) and the following ids were not found: {:_id=>{"$oid"=>BSON::ObjectId('54444b8d7279612843000000')}}.
Resolution:
  Search for an id that is in the database or set the Mongoid.raise_not_found_error configuration option to false, which will cause a nil to be returned instead of raising this error when searching for a single id, or only the matched documents when searching for multiples.):
  app/helpers/sessions_helper.rb:13:in `current_user'
  app/helpers/sessions_helper.rb:22:in `logged_in?'
  app/views/layouts/_header.html.erb:5:in `_app_views_layouts__header_html_erb__1584914416307410820_2172077940'
  app/views/layouts/application.html.erb:10:in `_app_views_layouts_application_html_erb___2943676583384317688_2171918540'


  Rendered /Users/ryanbahniuk/.rvm/gems/ruby-2.0.0-p451/gems/actionpack-4.1.0/lib/action_dispatch/middleware/templates/rescues/_source.erb (1.0ms)
  Rendered /Users/ryanbahniuk/.rvm/gems/ruby-2.0.0-p451/gems/actionpack-4.1.0/lib/action_dispatch/middleware/templates/rescues/_trace.html.erb (1.4ms)
  Rendered /Users/ryanbahniuk/.rvm/gems/ruby-2.0.0-p451/gems/actionpack-4.1.0/lib/action_dispatch/middleware/templates/rescues/_request_and_response.html.erb (1.3ms)
  Rendered /Users/ryanbahniuk/.rvm/gems/ruby-2.0.0-p451/gems/actionpack-4.1.0/lib/action_dispatch/middleware/templates/rescues/diagnostics.erb within rescues/layout (19.8ms)
  MOPED: 127.0.0.1:27017 COMMAND      database=admin command={:ismaster=>1} runtime: 2.3940ms
  MOPED: 127.0.0.1:27017 QUERY        database=railroad_development collection=users selector={"$query"=>{"name"=>"Test"}, "$orderby"=>{:_id=>1}} flags=[] limit=-1 skip=0 batch_size=nil fields=nil runtime: 44.7010ms
  MOPED: 127.0.0.1:27017 QUERY        database=railroad_development collection=users selector={"$query"=>{"name"=>"Test"}, "$orderby"=>{:_id=>1}} flags=[] limit=-1 skip=0 batch_size=nil fields=nil runtime: 1.1820ms
  MOPED: 127.0.0.1:27017 QUERY        database=railroad_development collection=users selector={"$query"=>{"name"=>"Test"}, "$orderby"=>{:_id=>1}} flags=[] limit=-1 skip=0 batch_size=nil fields=nil runtime: 0.9070ms
  MOPED: 127.0.0.1:27017 QUERY        database=railroad_development collection=users selector={"$query"=>{"name"=>"Test"}, "$orderby"=>{:_id=>1}} flags=[] limit=-1 skip=0 batch_size=nil fields=nil runtime: 1.0620ms
  MOPED: 127.0.0.1:27017 QUERY        database=railroad_development collection=users selector={"$query"=>{"name"=>"Test"}, "$orderby"=>{:_id=>1}} flags=[] limit=-1 skip=0 batch_size=nil fields=nil runtime: 0.9020ms
  MOPED: 127.0.0.1:27017 QUERY        database=railroad_development collection=users selector={"$query"=>{"name"=>"Test"}, "$orderby"=>{:_id=>1}} flags=[] limit=-1 skip=0 batch_size=nil fields=nil runtime: 0.9150ms
  MOPED: 127.0.0.1:27017 QUERY        database=railroad_development collection=users selector={"$query"=>{"name"=>"Test"}, "$orderby"=>{:_id=>1}} flags=[] limit=-1 skip=0 batch_size=nil fields=nil runtime: 0.8940ms
  MOPED: 127.0.0.1:27017 QUERY        database=railroad_development collection=users selector={"_id"=>BSON::ObjectId('54444b8d7279612843000000')} flags=[] limit=0 skip=0 batch_size=nil fields=nil runtime: 1.1930ms


Started GET "/" for 127.0.0.1 at 2014-10-19 19:37:21 -0500
Processing by WelcomeController#index as HTML
  Rendered welcome/index.html.erb within layouts/application (0.1ms)
  MOPED: 127.0.0.1:27017 COMMAND      database=admin command={:ismaster=>1} runtime: 0.7790ms
  MOPED: 127.0.0.1:27017 QUERY        database=railroad_development collection=users selector={"_id"=>{"$oid"=>BSON::ObjectId('54444b8d7279612843000000')}} flags=[] limit=0 skip=0 batch_size=nil fields=nil runtime: 35.2920ms
  Rendered layouts/_header.html.erb (59.9ms)
Completed 500 Internal Server Error in 123ms

ActionView::Template::Error (The operation: #<Moped::Protocol::Query
  @length=88
  @request_id=6
  @response_to=0
  @op_code=2004
  @flags=[]
  @full_collection_name="railroad_development.users"
  @skip=0
  @limit=0
  @selector={"_id"=>{"$oid"=>BSON::ObjectId('54444b8d7279612843000000')}}
  @fields=nil>
failed with error 17287: "Can't canonicalize query: BadValue unknown operator: $oid"

See https://github.com/mongodb/mongo/blob/master/docs/errors.md
for details about this error.):
    2: 	<nav>
    3: 		<ul>
    4: 			<li><%= link_to 'Home', root_url %></li>
    5: 			<% if logged_in? %>
    6: 			<a href="/users/<%= current_user.id %>"><li class="profile">Profile</li></a>
    7: 			<% end %>
    8: 		</ul>
  app/helpers/sessions_helper.rb:13:in `current_user'
  app/helpers/sessions_helper.rb:22:in `logged_in?'
  app/views/layouts/_header.html.erb:5:in `_app_views_layouts__header_html_erb__1584914416307410820_2172077940'
  app/views/layouts/application.html.erb:10:in `_app_views_layouts_application_html_erb___2943676583384317688_2171918540'


  Rendered /Users/ryanbahniuk/.rvm/gems/ruby-2.0.0-p451/gems/actionpack-4.1.0/lib/action_dispatch/middleware/templates/rescues/_trace.html.erb (1.5ms)
  Rendered /Users/ryanbahniuk/.rvm/gems/ruby-2.0.0-p451/gems/actionpack-4.1.0/lib/action_dispatch/middleware/templates/rescues/_request_and_response.html.erb (1.2ms)
  Rendered /Users/ryanbahniuk/.rvm/gems/ruby-2.0.0-p451/gems/actionpack-4.1.0/lib/action_dispatch/middleware/templates/rescues/template_error.html.erb within rescues/layout (16.0ms)


Started GET "/" for 127.0.0.1 at 2014-10-19 19:37:34 -0500
Processing by WelcomeController#index as HTML
  Rendered welcome/index.html.erb within layouts/application (0.1ms)
  Rendered layouts/_header.html.erb (0.4ms)
Completed 200 OK in 29ms (Views: 28.3ms)


Started GET "/assets/jquery.js?body=1" for 127.0.0.1 at 2014-10-19 19:37:34 -0500


Started GET "/assets/jquery_ujs.js?body=1" for 127.0.0.1 at 2014-10-19 19:37:34 -0500


Started GET "/assets/application.js?body=1" for 127.0.0.1 at 2014-10-19 19:37:34 -0500


Started GET "/assets/application.css?body=1" for 127.0.0.1 at 2014-10-19 19:37:34 -0500


Started GET "/login" for 127.0.0.1 at 2014-10-19 19:37:37 -0500
Processing by SessionsController#login as HTML
  Rendered sessions/login.html.erb within layouts/application (59.3ms)
  Rendered layouts/_header.html.erb (0.5ms)
Completed 200 OK in 93ms (Views: 91.9ms)
  MOPED: 127.0.0.1:27017 COMMAND      database=admin command={:ismaster=>1} runtime: 1.0620ms
  MOPED: 127.0.0.1:27017 QUERY        database=railroad_development collection=users selector={"$query"=>{"email"=>"ryan.bahniuk@gmail.com"}, "$orderby"=>{:_id=>1}} flags=[] limit=-1 skip=0 batch_size=nil fields=nil runtime: 0.7750ms


Started POST "/login" for 127.0.0.1 at 2014-10-19 19:41:05 -0500
Processing by SessionsController#set as HTML
  Parameters: {"utf8"=>"✓", "authenticity_token"=>"p3yBk1psi19ve9Dwzd3XmbsX+b0nXkrjFvnh4cb0yCA=", "email"=>"ryan.bahniuk@gmail.com", "password"=>"[FILTERED]", "commit"=>"Login"}
  MOPED: 127.0.0.1:27017 COMMAND      database=admin command={:ismaster=>1} runtime: 0.6610ms
  MOPED: 127.0.0.1:27017 QUERY        database=railroad_development collection=users selector={"$query"=>{"email"=>"ryan.bahniuk@gmail.com"}, "$orderby"=>{:_id=>1}} flags=[] limit=-1 skip=0 batch_size=nil fields=nil runtime: 0.6210ms
Completed 500 Internal Server Error in 4ms

NameError (undefined local variable or method `hashed_password' for #<User:0x00000102e601b0>):
  app/models/user.rb:12:in `password'
  app/models/user.rb:8:in `authenticate'
  app/controllers/sessions_controller.rb:9:in `set'


  Rendered /Users/ryanbahniuk/.rvm/gems/ruby-2.0.0-p451/gems/actionpack-4.1.0/lib/action_dispatch/middleware/templates/rescues/_source.erb (1.1ms)
  Rendered /Users/ryanbahniuk/.rvm/gems/ruby-2.0.0-p451/gems/actionpack-4.1.0/lib/action_dispatch/middleware/templates/rescues/_trace.html.erb (1.3ms)
  Rendered /Users/ryanbahniuk/.rvm/gems/ruby-2.0.0-p451/gems/actionpack-4.1.0/lib/action_dispatch/middleware/templates/rescues/_request_and_response.html.erb (1.3ms)
  Rendered /Users/ryanbahniuk/.rvm/gems/ruby-2.0.0-p451/gems/actionpack-4.1.0/lib/action_dispatch/middleware/templates/rescues/diagnostics.erb within rescues/layout (20.7ms)


Started POST "/login" for 127.0.0.1 at 2014-10-19 19:41:27 -0500
Processing by SessionsController#set as HTML
  Parameters: {"utf8"=>"✓", "authenticity_token"=>"p3yBk1psi19ve9Dwzd3XmbsX+b0nXkrjFvnh4cb0yCA=", "email"=>"ryan.bahniuk@gmail.com", "password"=>"[FILTERED]", "commit"=>"Login"}
  MOPED: 127.0.0.1:27017 QUERY        database=railroad_development collection=users selector={"$query"=>{"email"=>"ryan.bahniuk@gmail.com"}, "$orderby"=>{:_id=>1}} flags=[] limit=-1 skip=0 batch_size=nil fields=nil runtime: 0.8350ms
Redirected to http://0.0.0.0:3000/
Completed 302 Found in 85ms


Started GET "/" for 127.0.0.1 at 2014-10-19 19:41:27 -0500
Processing by WelcomeController#index as HTML
  Rendered welcome/index.html.erb within layouts/application (0.1ms)
  MOPED: 127.0.0.1:27017 QUERY        database=railroad_development collection=users selector={"_id"=>BSON::ObjectId('544441927279612641000000')} flags=[] limit=0 skip=0 batch_size=nil fields=nil runtime: 0.6670ms
  Rendered layouts/_header.html.erb (2.4ms)
Completed 200 OK in 67ms (Views: 66.8ms)


Started GET "/logout" for 127.0.0.1 at 2014-10-19 19:41:33 -0500

AbstractController::ActionNotFound (The action 'logout' could not be found for SessionsController):
  actionpack (4.1.0) lib/abstract_controller/base.rb:131:in `process'
  actionview (4.1.0) lib/action_view/rendering.rb:30:in `process'
  actionpack (4.1.0) lib/action_controller/metal.rb:195:in `dispatch'
  actionpack (4.1.0) lib/action_controller/metal/rack_delegation.rb:13:in `dispatch'
  actionpack (4.1.0) lib/action_controller/metal.rb:231:in `block in action'
  actionpack (4.1.0) lib/action_dispatch/routing/route_set.rb:80:in `call'
  actionpack (4.1.0) lib/action_dispatch/routing/route_set.rb:80:in `dispatch'
  actionpack (4.1.0) lib/action_dispatch/routing/route_set.rb:48:in `call'
  actionpack (4.1.0) lib/action_dispatch/journey/router.rb:71:in `block in call'
  actionpack (4.1.0) lib/action_dispatch/journey/router.rb:59:in `each'
  actionpack (4.1.0) lib/action_dispatch/journey/router.rb:59:in `call'
  actionpack (4.1.0) lib/action_dispatch/routing/route_set.rb:676:in `call'
  rack (1.5.2) lib/rack/etag.rb:23:in `call'
  rack (1.5.2) lib/rack/conditionalget.rb:25:in `call'
  rack (1.5.2) lib/rack/head.rb:11:in `call'
  actionpack (4.1.0) lib/action_dispatch/middleware/params_parser.rb:27:in `call'
  actionpack (4.1.0) lib/action_dispatch/middleware/flash.rb:254:in `call'
  rack (1.5.2) lib/rack/session/abstract/id.rb:225:in `context'
  rack (1.5.2) lib/rack/session/abstract/id.rb:220:in `call'
  actionpack (4.1.0) lib/action_dispatch/middleware/cookies.rb:560:in `call'
  actionpack (4.1.0) lib/action_dispatch/middleware/callbacks.rb:29:in `block in call'
  activesupport (4.1.0) lib/active_support/callbacks.rb:82:in `run_callbacks'
  actionpack (4.1.0) lib/action_dispatch/middleware/callbacks.rb:27:in `call'
  actionpack (4.1.0) lib/action_dispatch/middleware/reloader.rb:73:in `call'
  actionpack (4.1.0) lib/action_dispatch/middleware/remote_ip.rb:76:in `call'
  actionpack (4.1.0) lib/action_dispatch/middleware/debug_exceptions.rb:17:in `call'
  actionpack (4.1.0) lib/action_dispatch/middleware/show_exceptions.rb:30:in `call'
  railties (4.1.0) lib/rails/rack/logger.rb:38:in `call_app'
  railties (4.1.0) lib/rails/rack/logger.rb:20:in `block in call'
  activesupport (4.1.0) lib/active_support/tagged_logging.rb:68:in `block in tagged'
  activesupport (4.1.0) lib/active_support/tagged_logging.rb:26:in `tagged'
  activesupport (4.1.0) lib/active_support/tagged_logging.rb:68:in `tagged'
  railties (4.1.0) lib/rails/rack/logger.rb:20:in `call'
  actionpack (4.1.0) lib/action_dispatch/middleware/request_id.rb:21:in `call'
  rack (1.5.2) lib/rack/methodoverride.rb:21:in `call'
  rack (1.5.2) lib/rack/runtime.rb:17:in `call'
  activesupport (4.1.0) lib/active_support/cache/strategy/local_cache_middleware.rb:26:in `call'
  rack (1.5.2) lib/rack/lock.rb:17:in `call'
  actionpack (4.1.0) lib/action_dispatch/middleware/static.rb:64:in `call'
  rack (1.5.2) lib/rack/sendfile.rb:112:in `call'
  railties (4.1.0) lib/rails/engine.rb:514:in `call'
  railties (4.1.0) lib/rails/application.rb:144:in `call'
  rack (1.5.2) lib/rack/lock.rb:17:in `call'
  rack (1.5.2) lib/rack/content_length.rb:14:in `call'
  rack (1.5.2) lib/rack/handler/webrick.rb:60:in `service'
  /Users/ryanbahniuk/.rvm/rubies/ruby-2.0.0-p451/lib/ruby/2.0.0/webrick/httpserver.rb:138:in `service'
  /Users/ryanbahniuk/.rvm/rubies/ruby-2.0.0-p451/lib/ruby/2.0.0/webrick/httpserver.rb:94:in `run'
  /Users/ryanbahniuk/.rvm/rubies/ruby-2.0.0-p451/lib/ruby/2.0.0/webrick/server.rb:295:in `block in start_thread'


  Rendered /Users/ryanbahniuk/.rvm/gems/ruby-2.0.0-p451/gems/actionpack-4.1.0/lib/action_dispatch/middleware/templates/rescues/unknown_action.html.erb within rescues/layout (0.8ms)


Started GET "/logout" for 127.0.0.1 at 2014-10-19 19:42:30 -0500
Processing by SessionsController#logout as HTML
Redirected to http://0.0.0.0:3000/
Completed 302 Found in 1ms


Started GET "/" for 127.0.0.1 at 2014-10-19 19:42:30 -0500
Processing by WelcomeController#index as HTML
  Rendered welcome/index.html.erb within layouts/application (0.1ms)
  Rendered layouts/_header.html.erb (0.5ms)
Completed 200 OK in 24ms (Views: 23.6ms)


Started GET "/users/new" for 127.0.0.1 at 2014-10-19 19:42:34 -0500
Processing by UsersController#new as HTML
  Rendered users/new.html.erb within layouts/application (2.9ms)
  Rendered layouts/_header.html.erb (0.6ms)
Completed 200 OK in 54ms (Views: 47.1ms)


Started POST "/users" for 127.0.0.1 at 2014-10-19 19:42:43 -0500
Processing by UsersController#create as HTML
  Parameters: {"utf8"=>"✓", "authenticity_token"=>"p3yBk1psi19ve9Dwzd3XmbsX+b0nXkrjFvnh4cb0yCA=", "user"=>{"name"=>"User", "email"=>"user@auth.com", "password"=>"[FILTERED]"}, "commit"=>"Create User"}
  MOPED: 127.0.0.1:27017 COMMAND      database=admin command={:ismaster=>1} runtime: 0.6640ms
  MOPED: 127.0.0.1:27017 INSERT       database=railroad_development collection=users documents=[{"_id"=>BSON::ObjectId('54445a837279612843010000'), "name"=>"User", "email"=>"user@auth.com", "password_digest"=>"$2a$10$9unnsY90fFWvtoOBsJwOPOZD7z8DoT3u89aSkYUnPEd1cZ3vWJDRe"}] flags=[]
                         COMMAND      database=railroad_development command={:getlasterror=>1, :w=>1} runtime: 0.5570ms
Redirected to http://0.0.0.0:3000/
Completed 302 Found in 87ms


Started GET "/" for 127.0.0.1 at 2014-10-19 19:42:43 -0500
Processing by WelcomeController#index as HTML
  Rendered welcome/index.html.erb within layouts/application (0.1ms)
  MOPED: 127.0.0.1:27017 QUERY        database=railroad_development collection=users selector={"_id"=>BSON::ObjectId('54445a837279612843010000')} flags=[] limit=0 skip=0 batch_size=nil fields=nil runtime: 0.7290ms
  Rendered layouts/_header.html.erb (2.4ms)
Completed 200 OK in 26ms (Views: 25.5ms)


Started GET "/logout" for 127.0.0.1 at 2014-10-19 19:43:01 -0500
Processing by SessionsController#logout as HTML
Redirected to http://0.0.0.0:3000/
Completed 302 Found in 1ms


Started GET "/" for 127.0.0.1 at 2014-10-19 19:43:01 -0500
Processing by WelcomeController#index as HTML
  Rendered welcome/index.html.erb within layouts/application (0.1ms)
  Rendered layouts/_header.html.erb (0.3ms)
Completed 200 OK in 26ms (Views: 25.4ms)


Started GET "/" for 127.0.0.1 at 2014-10-19 19:48:42 -0500
Processing by WelcomeController#index as HTML
  Rendered welcome/index.html.erb within layouts/application (0.1ms)
  Rendered layouts/_header.html.erb (1.5ms)
Completed 200 OK in 26ms (Views: 26.0ms)


Started GET "/assets/application.css?body=1" for 127.0.0.1 at 2014-10-19 19:48:42 -0500


Started GET "/assets/jquery_ujs.js?body=1" for 127.0.0.1 at 2014-10-19 19:48:42 -0500


Started GET "/assets/jquery.js?body=1" for 127.0.0.1 at 2014-10-19 19:48:42 -0500


Started GET "/assets/application.js?body=1" for 127.0.0.1 at 2014-10-19 19:48:42 -0500
